    1      600      6.5805      6.5439      5.8259      8.0849      5.0144      4.9375      5.2571      5.2934      2.0525      3.5452      3.2758     15.2943
    2      700      5.4071      7.5709      2.7014      5.3790      5.0031      6.6183      5.9826      4.4053      3.5037      2.7813      2.2774      4.0910
    3      800      5.5614      3.6705      3.4671      3.0201      2.9573      3.7983      1.9868      3.8097      2.4458      2.8248      1.8835      3.5661
    4      900      2.8036      2.8983      4.5334      3.3356      3.2653      4.2604      3.6825      4.0283      3.0048      1.9041      1.9620      4.5588
    5     1000      2.0004      2.1906      2.9995      2.9234      2.4830      3.1865      3.5999      2.7800      2.2984      1.8316      1.8549      3.1029
    6     1100      1.7315      1.6098      1.9201      2.7231      1.8325      2.7954      2.3410      2.1753      1.8573      2.0223      1.8563      2.7284
    7     1200      1.5402      1.4831      1.5677      1.9899      1.7425      2.5117      2.1319      1.9051      1.5428      1.9401      1.8015      2.6186
    8     1300      1.4693      1.4690      1.5862      1.8017      1.6866      2.2335      2.1453      1.5283      1.4713      1.8387      1.8892      2.2706
    9     1400      1.3708      1.5760      1.8064      1.7841      1.7312      2.1295      2.0236      1.2693      1.5104      1.4981      1.9589      1.9241
   10     1500      1.2193      1.5100      2.1571      1.7074      1.9441      2.1059      1.8194      1.2240      1.4715      1.3320      1.9199      1.6397
   11     1600      1.1670      1.4762      1.8368      1.5883      1.9521      1.7822      1.7801      1.2586      1.4791      1.3343      1.7558      1.4339
   12     1700      1.1355      1.4420      1.5694      1.4308      1.8601      1.5485      1.7069      1.4019      1.5046      1.4171      1.7124      1.2991
   13     1800      1.1277      1.4157      1.4662      1.3056      1.9298      1.4521      1.6673      1.6378      1.5018      1.5596      1.6476      1.2377
   14     1900      1.1102      1.3883      1.4108      1.2504      2.0078      1.3757      1.6240      1.7461      1.4785      1.6808      1.5488      1.2076
   15     2000      1.1039      1.3709      1.3368      1.2302      1.8335      1.3203      1.6919      1.6989      1.3017      1.7509      1.4517      1.1987
   16     2100      1.1082      1.3694      1.3020      1.2276      1.7265      1.2658      1.7474      1.6513      1.1892      1.7829      1.3107      1.1950
   17     2200      1.1066      1.3957      1.2912      1.2568      1.6087      1.2238      1.6841      1.5990      1.1023      1.7149      1.2148      1.1981
   18     2300      1.0993      1.2848      1.3029      1.3449      1.5464      1.1732      1.6254      1.5096      1.0665      1.6121      1.1506      1.2118
   19     2400      1.1212      1.2297      1.4335      1.3499      1.4496      1.1614      1.4958      1.4845      1.0693      1.4654      1.1348      1.2148
   20     2500      1.1516      1.1972      1.4392      1.4054      1.4074      1.1717      1.3801      1.5009      1.0684      1.4029      1.1325      1.2295
   21     2600      1.1692      1.1771      1.4023      1.4136      1.3572      1.1610      1.3007      1.4677      1.0826      1.3821      1.1150      1.2354
   22     2700      1.1945      1.1599      1.3865      1.3738      1.3115      1.1376      1.2505      1.4446      1.0972      1.3565      1.0833      1.2497
   23     2800      1.2233      1.1550      1.4051      1.3571      1.2869      1.1168      1.2463      1.4285      1.1106      1.3621      1.0633      1.2835
   24     2900      1.2284      1.1598      1.3772      1.3527      1.2691      1.0931      1.2500      1.3953      1.1139      1.3282      1.0623      1.2921
   25     3000      1.2183      1.1685      1.3045      1.3569      1.2498      1.0806      1.2440      1.3436      1.1091      1.2851      1.0812      1.2763
   26     3100      1.2433      1.1728      1.2431      1.3449      1.2389      1.0842      1.2203      1.3312      1.1214      1.2257      1.1114      1.2466
   27     3200      1.2719      1.1767      1.2161      1.2949      1.2374      1.0824      1.2105      1.3400      1.1432      1.1950      1.1325      1.2557
   28     3300      1.2600      1.1861      1.1758      1.2590      1.2226      1.0831      1.2029      1.3372      1.1404      1.1585      1.1560      1.2426
   29     3400      1.2321      1.2007      1.1453      1.2498      1.2110      1.0886      1.2306      1.3018      1.1541      1.1478      1.1735      1.2181
   30     3500      1.2188      1.2040      1.1341      1.1991      1.1898      1.0888      1.2384      1.2796      1.1707      1.1366      1.1623      1.1975
   31     3600      1.2001      1.1926      1.1182      1.1426      1.1534      1.0904      1.2183      1.2452      1.1613      1.1212      1.1559      1.1882
   32     3700      1.1931      1.1848      1.1031      1.1093      1.1309      1.0943      1.2101      1.2329      1.1444      1.1167      1.1498      1.1687
   33     3800      1.1817      1.1853      1.0898      1.0946      1.1117      1.0937      1.1993      1.2061      1.1254      1.1134      1.1330      1.1659
   34     3900      1.1768      1.1801      1.0960      1.0787      1.1004      1.0919      1.1875      1.1868      1.1040      1.0929      1.1142      1.1626
   35     4000      1.1803      1.1775      1.0998      1.0641      1.0980      1.0791      1.1812      1.1772      1.0876      1.0758      1.1027      1.1375
   36     4100      1.1725      1.1692      1.0870      1.0570      1.0977      1.0624      1.1758      1.1580      1.0825      1.0738      1.0907      1.1212
   37     4200      1.1625      1.1606      1.0825      1.0550      1.0883      1.0511      1.1687      1.1409      1.0801      1.0727      1.0745      1.1019
   38     4300      1.1545      1.1594      1.0743      1.0536      1.0795      1.0368      1.1664      1.1221      1.0749      1.0746      1.0673      1.0777
   39     4400      1.1628      1.1546      1.0715      1.0533      1.0755      1.0281      1.1592      1.1080      1.0702      1.0779      1.0603      1.0688
   40     4500      1.1747      1.1494      1.0694      1.0521      1.0829      1.0272      1.1571      1.0978      1.0654      1.0797      1.0599      1.0726
   41     4600      1.1649      1.1315      1.0630      1.0488      1.0959      1.0314      1.1479      1.0893      1.0629      1.0817      1.0569      1.0668
   42     4700      1.1547      1.1177      1.0551      1.0463      1.1109      1.0306      1.1426      1.0859      1.0598      1.0793      1.0546      1.0579
   43     4800      1.1402      1.0978      1.0403      1.0431      1.1202      1.0279      1.1309      1.0775      1.0518      1.0762      1.0494      1.0555
   44     4900      1.1297      1.0816      1.0364      1.0387      1.1259      1.0243      1.1192      1.0665      1.0518      1.0735      1.0570      1.0442
   45     5000      1.1050      1.0711      1.0331      1.0312      1.1306      1.0246      1.1029      1.0577      1.0502      1.0670      1.0593      1.0384
   46     5100      1.0966      1.0670      1.0324      1.0239      1.1414      1.0249      1.0967      1.0487      1.0524      1.0667      1.0611      1.0356
   47     5200      1.0899      1.0703      1.0295      1.0245      1.1520      1.0207      1.0939      1.0410      1.0509      1.0678      1.0648      1.0328
   48     5300      1.0814      1.0761      1.0302      1.0256      1.1469      1.0170      1.0924      1.0362      1.0476      1.0713      1.0704      1.0346
   49     5400      1.0680      1.0819      1.0302      1.0228      1.1306      1.0146      1.0864      1.0305      1.0447      1.0752      1.0757      1.0386
   50     5500      1.0579      1.0856      1.0339      1.0238      1.1173      1.0130      1.0702      1.0305      1.0422      1.0791      1.0749      1.0399
   51     5600      1.0556      1.0962      1.0405      1.0264      1.1066      1.0149      1.0572      1.0293      1.0424      1.0778      1.0751      1.0406
   52     5700      1.0507      1.1053      1.0481      1.0305      1.1017      1.0219      1.0441      1.0255      1.0425      1.0706      1.0722      1.0399
   53     5800      1.0485      1.1147      1.0505      1.0362      1.1045      1.0296      1.0373      1.0258      1.0412      1.0646      1.0746      1.0387
   54     5900      1.0465      1.1141      1.0453      1.0392      1.1119      1.0355      1.0327      1.0298      1.0397      1.0540      1.0726      1.0390
   55     6000      1.0420      1.1140      1.0414      1.0408      1.1131      1.0413      1.0345      1.0313      1.0432      1.0487      1.0704      1.0367
   56     6100      1.0384      1.1191      1.0361      1.0410      1.1010      1.0524      1.0383      1.0335      1.0455      1.0438      1.0714      1.0307
   57     6200      1.0371      1.1288      1.0360      1.0438      1.0849      1.0612      1.0401      1.0384      1.0388      1.0353      1.0788      1.0308
   58     6300      1.0343      1.1365      1.0372      1.0468      1.0737      1.0658      1.0394      1.0390      1.0405      1.0324      1.0805      1.0306
   59     6400      1.0367      1.1387      1.0395      1.0481      1.0697      1.0665      1.0354      1.0377      1.0456      1.0301      1.0849      1.0301
   60     6500      1.0425      1.1438      1.0401      1.0524      1.0691      1.0707      1.0336      1.0414      1.0518      1.0309      1.0889      1.0284
   61     6600      1.0411      1.1550      1.0379      1.0559      1.0700      1.0762      1.0358      1.0408      1.0586      1.0327      1.0888      1.0289
   62     6700      1.0392      1.1611      1.0347      1.0550      1.0669      1.0787      1.0376      1.0375      1.0654      1.0349      1.0857      1.0291
   63     6800      1.0430      1.1594      1.0338      1.0525      1.0668      1.0753      1.0387      1.0374      1.0723      1.0347      1.0876      1.0295
   64     6900      1.0426      1.1617      1.0305      1.0545      1.0715      1.0708      1.0386      1.0337      1.0733      1.0312      1.0871      1.0289
   65     7000      1.0418      1.1572      1.0273      1.0578      1.0750      1.0646      1.0345      1.0351      1.0739      1.0298      1.0882      1.0279
   66     7100      1.0417      1.1515      1.0250      1.0627      1.0758      1.0606      1.0294      1.0322      1.0803      1.0291      1.0868      1.0228
   67     7200      1.0417      1.1441      1.0253      1.0592      1.0663      1.0647      1.0255      1.0291      1.0761      1.0267      1.0857      1.0203
   68     7300      1.0421      1.1478      1.0266      1.0569      1.0530      1.0707      1.0249      1.0255      1.0739      1.0249      1.0908      1.0199
   69     7400      1.0435      1.1532      1.0284      1.0594      1.0466      1.0719      1.0272      1.0230      1.0721      1.0234      1.0925      1.0232
   70     7500      1.0447      1.1532      1.0316      1.0628      1.0447      1.0686      1.0274      1.0226      1.0719      1.0220      1.0865      1.0260
   71     7600      1.0431      1.1451      1.0328      1.0623      1.0402      1.0695      1.0284      1.0219      1.0717      1.0220      1.0843      1.0288
   72     7700      1.0391      1.1355      1.0345      1.0596      1.0370      1.0703      1.0274      1.0218      1.0685      1.0215      1.0787      1.0299
   73     7800      1.0328      1.1294      1.0377      1.0554      1.0369      1.0711      1.0273      1.0237      1.0622      1.0184      1.0711      1.0277
   74     7900      1.0288      1.1176      1.0389      1.0541      1.0393      1.0701      1.0287      1.0274      1.0582      1.0156      1.0636      1.0240
   75     8000      1.0262      1.1094      1.0396      1.0525      1.0364      1.0678      1.0315      1.0297      1.0521      1.0139      1.0595      1.0232
   76     8100      1.0241      1.1054      1.0409      1.0522      1.0348      1.0627      1.0331      1.0320      1.0467      1.0144      1.0607      1.0250
   77     8200      1.0223      1.1017      1.0430      1.0523      1.0316      1.0596      1.0341      1.0334      1.0423      1.0157      1.0617      1.0261
   78     8300      1.0236      1.0963      1.0434      1.0486      1.0292      1.0570      1.0377      1.0340      1.0395      1.0139      1.0678      1.0271
   79     8400      1.0259      1.0912      1.0464      1.0441      1.0272      1.0558      1.0420      1.0337      1.0364      1.0123      1.0736      1.0282
   80     8500      1.0248      1.0861      1.0500      1.0445      1.0283      1.0563      1.0439      1.0310      1.0339      1.0114      1.0769      1.0289
   81     8600      1.0252      1.0796      1.0552      1.0441      1.0265      1.0531      1.0388      1.0300      1.0347      1.0133      1.0762      1.0309
   82     8700      1.0254      1.0746      1.0569      1.0435      1.0262      1.0481      1.0331      1.0299      1.0345      1.0158      1.0727      1.0308
   83     8800      1.0256      1.0668      1.0539      1.0433      1.0265      1.0449      1.0313      1.0306      1.0335      1.0176      1.0700      1.0309
   84     8900      1.0257      1.0700      1.0571      1.0411      1.0274      1.0411      1.0301      1.0313      1.0348      1.0202      1.0682      1.0324
   85     9000      1.0269      1.0755      1.0593      1.0408      1.0273      1.0357      1.0271      1.0294      1.0363      1.0225      1.0699      1.0343
   86     9100      1.0247      1.0803      1.0580      1.0407      1.0267      1.0315      1.0240      1.0283      1.0355      1.0238      1.0675      1.0319
   87     9200      1.0226      1.0845      1.0575      1.0403      1.0247      1.0287      1.0242      1.0251      1.0374      1.0246      1.0675      1.0298
   88     9300      1.0208      1.0885      1.0534      1.0421      1.0230      1.0284      1.0244      1.0231      1.0401      1.0247      1.0674      1.0266
   89     9400      1.0190      1.0892      1.0538      1.0442      1.0221      1.0289      1.0247      1.0231      1.0406      1.0264      1.0655      1.0236
   90     9500      1.0193      1.0877      1.0536      1.0455      1.0204      1.0299      1.0243      1.0253      1.0385      1.0279      1.0637      1.0226
   91     9600      1.0187      1.0790      1.0474      1.0483      1.0183      1.0329      1.0248      1.0295      1.0390      1.0305      1.0624      1.0234
   92     9700      1.0181      1.0739      1.0443      1.0480      1.0164      1.0352      1.0239      1.0302      1.0403      1.0300      1.0591      1.0234
   93     9800      1.0186      1.0692      1.0438      1.0472      1.0164      1.0367      1.0240      1.0280      1.0451      1.0309      1.0570      1.0226
   94     9900      1.0209      1.0636      1.0455      1.0440      1.0161      1.0349      1.0266      1.0271      1.0479      1.0295      1.0538      1.0197
   95    10000      1.0229      1.0569      1.0479      1.0398      1.0158      1.0337      1.0294      1.0271      1.0472      1.0280      1.0509      1.0175
   96    10100      1.0241      1.0507      1.0450      1.0355      1.0155      1.0337      1.0310      1.0241      1.0485      1.0278      1.0495      1.0159
   97    10200      1.0238      1.0470      1.0413      1.0338      1.0150      1.0330      1.0300      1.0213      1.0511      1.0273      1.0471      1.0153
   98    10300      1.0248      1.0472      1.0370      1.0328      1.0153      1.0337      1.0288      1.0182      1.0546      1.0300      1.0451      1.0146
   99    10400      1.0249      1.0461      1.0331      1.0326      1.0140      1.0337      1.0316      1.0172      1.0587      1.0320      1.0421      1.0139
  100    10500      1.0246      1.0442      1.0294      1.0294      1.0132      1.0336      1.0341      1.0156      1.0618      1.0336      1.0405      1.0137
  101    10600      1.0262      1.0435      1.0275      1.0245      1.0115      1.0348      1.0376      1.0150      1.0639      1.0331      1.0410      1.0149
  102    10700      1.0278      1.0386      1.0253      1.0234      1.0104      1.0327      1.0386      1.0149      1.0652      1.0312      1.0402      1.0162
  103    10800      1.0284      1.0330      1.0227      1.0239      1.0103      1.0300      1.0394      1.0154      1.0642      1.0293      1.0390      1.0192
  104    10900      1.0263      1.0319      1.0244      1.0242      1.0109      1.0247      1.0381      1.0151      1.0638      1.0272      1.0341      1.0203
  105    11000      1.0256      1.0311      1.0261      1.0246      1.0113      1.0218      1.0368      1.0151      1.0631      1.0255      1.0290      1.0202
  106    11100      1.0260      1.0284      1.0263      1.0234      1.0100      1.0197      1.0386      1.0153      1.0616      1.0246      1.0253      1.0191
  107    11200      1.0259      1.0268      1.0283      1.0234      1.0099      1.0183      1.0398      1.0146      1.0587      1.0248      1.0222      1.0183
  108    11300      1.0248      1.0250      1.0282      1.0250      1.0096      1.0173      1.0421      1.0129      1.0569      1.0236      1.0221      1.0182
  109    11400      1.0241      1.0239      1.0275      1.0279      1.0118      1.0161      1.0474      1.0108      1.0566      1.0227      1.0214      1.0177
  110    11500      1.0226      1.0225      1.0266      1.0275      1.0136      1.0144      1.0514      1.0091      1.0572      1.0237      1.0211      1.0164
  111    11600      1.0203      1.0211      1.0270      1.0269      1.0144      1.0140      1.0529      1.0073      1.0581      1.0244      1.0212      1.0162
  112    11700      1.0185      1.0191      1.0259      1.0276      1.0143      1.0159      1.0551      1.0066      1.0566      1.0235      1.0227      1.0170
  113    11800      1.0176      1.0190      1.0257      1.0266      1.0149      1.0176      1.0574      1.0057      1.0591      1.0241      1.0236      1.0185
  114    11900      1.0174      1.0187      1.0252      1.0262      1.0166      1.0171      1.0575      1.0063      1.0625      1.0245      1.0240      1.0188
  115    12000      1.0173      1.0171      1.0247      1.0244      1.0161      1.0155      1.0579      1.0065      1.0623      1.0245      1.0227      1.0181
  116    12100      1.0164      1.0171      1.0263      1.0221      1.0157      1.0144      1.0581      1.0058      1.0605      1.0243      1.0225      1.0177
  117    12200      1.0152      1.0165      1.0283      1.0203      1.0143      1.0147      1.0591      1.0050      1.0619      1.0247      1.0237      1.0184
  118    12300      1.0153      1.0170      1.0326      1.0203      1.0145      1.0151      1.0558      1.0047      1.0608      1.0252      1.0254      1.0203
  119    12400      1.0145      1.0168      1.0331      1.0201      1.0149      1.0162      1.0531      1.0047      1.0610      1.0262      1.0260      1.0210
  120    12500      1.0154      1.0177      1.0354      1.0190      1.0145      1.0169      1.0483      1.0057      1.0630      1.0257      1.0270      1.0220
  121    12600      1.0166      1.0195      1.0359      1.0174      1.0142      1.0162      1.0460      1.0061      1.0665      1.0258      1.0268      1.0220
  122    12700      1.0177      1.0204      1.0350      1.0164      1.0141      1.0154      1.0442      1.0063      1.0689      1.0269      1.0267      1.0223
  123    12800      1.0187      1.0213      1.0343      1.0146      1.0160      1.0155      1.0439      1.0073      1.0707      1.0282      1.0261      1.0232
  124    12900      1.0211      1.0226      1.0346      1.0125      1.0161      1.0150      1.0442      1.0086      1.0697      1.0285      1.0256      1.0246
  125    13000      1.0235      1.0246      1.0361      1.0121      1.0164      1.0151      1.0439      1.0084      1.0658      1.0276      1.0243      1.0264
  126    13100      1.0237      1.0252      1.0364      1.0115      1.0152      1.0150      1.0434      1.0086      1.0637      1.0251      1.0230      1.0269
  127    13200      1.0246      1.0234      1.0366      1.0115      1.0131      1.0134      1.0432      1.0081      1.0634      1.0247      1.0224      1.0262
  128    13300      1.0259      1.0209      1.0341      1.0114      1.0121      1.0128      1.0433      1.0075      1.0625      1.0247      1.0197      1.0240
  129    13400      1.0270      1.0209      1.0298      1.0113      1.0122      1.0132      1.0430      1.0075      1.0613      1.0245      1.0181      1.0224
  130    13500      1.0268      1.0196      1.0271      1.0116      1.0122      1.0142      1.0423      1.0081      1.0597      1.0250      1.0176      1.0224
  131    13600      1.0270      1.0172      1.0246      1.0111      1.0123      1.0147      1.0428      1.0080      1.0568      1.0251      1.0179      1.0221
  132    13700      1.0266      1.0157      1.0230      1.0100      1.0135      1.0158      1.0443      1.0083      1.0554      1.0251      1.0177      1.0216
  133    13800      1.0261      1.0156      1.0225      1.0092      1.0138      1.0169      1.0435      1.0080      1.0556      1.0245      1.0177      1.0220
  134    13900      1.0268      1.0166      1.0218      1.0084      1.0131      1.0174      1.0430      1.0078      1.0564      1.0240      1.0177      1.0223
  135    14000      1.0278      1.0167      1.0211      1.0080      1.0126      1.0172      1.0423      1.0084      1.0582      1.0238      1.0179      1.0224
  136    14100      1.0282      1.0163      1.0206      1.0072      1.0131      1.0178      1.0411      1.0094      1.0596      1.0256      1.0188      1.0228
  137    14200      1.0283      1.0161      1.0180      1.0061      1.0141      1.0190      1.0410      1.0094      1.0598      1.0255      1.0202      1.0234
  138    14300      1.0288      1.0159      1.0157      1.0048      1.0142      1.0197      1.0416      1.0102      1.0574      1.0243      1.0215      1.0239
  139    14400      1.0288      1.0154      1.0149      1.0049      1.0136      1.0210      1.0396      1.0099      1.0554      1.0247      1.0221      1.0237
  140    14500      1.0281      1.0160      1.0148      1.0054      1.0121      1.0212      1.0365      1.0087      1.0544      1.0252      1.0224      1.0251
  141    14600      1.0285      1.0163      1.0145      1.0055      1.0125      1.0208      1.0360      1.0075      1.0543      1.0260      1.0217      1.0259
  142    14700      1.0293      1.0163      1.0151      1.0056      1.0126      1.0199      1.0353      1.0059      1.0536      1.0256      1.0213      1.0263
  143    14800      1.0301      1.0164      1.0148      1.0057      1.0133      1.0194      1.0349      1.0058      1.0533      1.0258      1.0221      1.0268
  144    14900      1.0309      1.0165      1.0146      1.0059      1.0131      1.0193      1.0352      1.0065      1.0525      1.0274      1.0224      1.0263
  145    15000      1.0313      1.0165      1.0155      1.0057      1.0135      1.0190      1.0361      1.0061      1.0514      1.0299      1.0236      1.0268
