    1 1.200	 0.232	 0.993	 0.882	 1.021	 1.060	 3.032	 2.169	 0.579	 0.521	 0.364	 0.824	 0.000	
    2 1.177	 0.961	 0.725	 1.204	 0.802	 0.977	 2.530	 2.376	 0.584	 0.503	 0.370	 0.506	 0.000	
    3 1.177	 0.961	 0.725	 1.204	 0.802	 0.977	 2.530	 2.376	 0.584	 0.503	 0.370	 0.506	 0.000	
    4 0.988	 0.716	 0.871	 0.980	 0.583	 1.167	 0.561	 1.443	 0.886	 0.402	 0.591	 0.359	 0.000	
    5 1.073	 0.448	 0.912	 0.775	 1.238	 1.163	 2.577	 1.150	 0.532	 0.515	 0.478	 0.773	 0.000	
    6 0.889	 0.842	 0.861	 0.792	 0.892	 1.185	 1.660	 2.299	 0.800	 0.328	 0.733	 0.350	 0.000	
    7 0.889	 0.842	 0.861	 0.792	 0.892	 1.185	 1.660	 2.299	 0.800	 0.328	 0.733	 0.350	 0.000	
    8 0.889	 0.842	 0.861	 0.792	 0.892	 1.185	 1.660	 2.299	 0.800	 0.328	 0.733	 0.350	 0.000	
    9 0.757	 0.408	 1.136	 0.757	 1.115	 1.211	 2.563	 3.474	 0.465	 0.755	 0.880	 0.389	 0.000	
   10 0.757	 0.408	 1.136	 0.757	 1.115	 1.211	 2.563	 3.474	 0.465	 0.755	 0.880	 0.389	 0.000	
   11 0.724	 0.665	 0.921	 0.709	 1.056	 1.085	 1.412	 2.765	 0.798	 0.481	 0.298	 0.916	 0.000	
   12 0.720	 0.670	 1.059	 0.828	 1.019	 0.864	 1.299	 0.820	 0.426	 1.015	 0.626	 0.332	 0.000	
   13 0.855	 0.355	 1.170	 0.650	 1.063	 1.083	 2.068	 3.475	 0.415	 0.724	 0.842	 0.497	 0.000	
   14 0.878	 0.359	 1.106	 0.693	 1.149	 0.848	 0.498	 1.055	 0.745	 0.674	 0.555	 0.404	 0.000	
   15 0.963	 0.600	 0.949	 0.813	 0.935	 0.926	 0.735	 1.872	 0.816	 0.601	 0.514	 0.364	 0.000	
   16 0.963	 0.600	 0.949	 0.813	 0.935	 0.926	 0.735	 1.872	 0.816	 0.601	 0.514	 0.364	 0.000	
   17 0.963	 0.600	 0.949	 0.813	 0.935	 0.926	 0.735	 1.872	 0.816	 0.601	 0.514	 0.364	 0.000	
   18 1.002	 0.706	 0.946	 1.042	 0.972	 1.051	 2.072	 2.520	 0.614	 0.724	 0.207	 0.617	 0.000	
   19 0.863	 0.813	 0.637	 0.715	 0.975	 1.048	 0.911	 1.934	 0.538	 0.626	 0.836	 0.439	 0.000	
   20 1.209	 0.654	 0.872	 1.003	 0.452	 1.034	 0.783	 0.643	 0.560	 0.702	 0.818	 0.107	 0.000	
   21 1.209	 0.654	 0.872	 1.003	 0.452	 1.034	 0.783	 0.643	 0.560	 0.702	 0.818	 0.107	 0.000	
   22 1.209	 0.654	 0.872	 1.003	 0.452	 1.034	 0.783	 0.643	 0.560	 0.702	 0.818	 0.107	 0.000	
   23 1.071	 0.573	 1.064	 0.896	 0.416	 1.016	 0.473	 1.117	 0.531	 0.688	 0.940	 0.144	 0.000	
   24 0.780	 0.822	 0.791	 0.838	 1.020	 0.926	 1.417	 0.620	 0.781	 0.597	 0.166	 0.840	 0.000	
   25 1.206	 0.398	 0.994	 0.922	 1.093	 1.165	 2.871	 0.959	 0.566	 0.393	 0.590	 0.505	 0.000	
   26 0.755	 0.650	 1.049	 0.912	 0.875	 0.854	 0.876	 1.217	 0.433	 1.030	 0.718	 0.224	 0.000	
   27 0.755	 0.650	 1.049	 0.912	 0.875	 0.854	 0.876	 1.217	 0.433	 1.030	 0.718	 0.224	 0.000	
   28 0.909	 0.859	 0.815	 0.827	 0.866	 1.110	 1.386	 3.039	 0.884	 0.321	 0.797	 0.170	 0.000	
   29 1.196	 0.727	 0.818	 0.668	 1.230	 0.942	 0.726	 2.369	 0.962	 0.350	 0.481	 0.277	 0.000	
   30 1.196	 0.727	 0.818	 0.668	 1.230	 0.942	 0.726	 2.369	 0.962	 0.350	 0.481	 0.277	 0.000	
   31 0.645	 0.528	 1.192	 0.803	 0.807	 0.892	 0.817	 1.511	 0.527	 0.957	 0.851	 0.191	 0.000	
   32 0.645	 0.528	 1.192	 0.803	 0.807	 0.892	 0.817	 1.511	 0.527	 0.957	 0.851	 0.191	 0.000	
   33 0.645	 0.528	 1.192	 0.803	 0.807	 0.892	 0.817	 1.511	 0.527	 0.957	 0.851	 0.191	 0.000	
   34 0.645	 0.528	 1.192	 0.803	 0.807	 0.892	 0.817	 1.511	 0.527	 0.957	 0.851	 0.191	 0.000	
   35 0.645	 0.528	 1.192	 0.803	 0.807	 0.892	 0.817	 1.511	 0.527	 0.957	 0.851	 0.191	 0.000	
   36 0.645	 0.528	 1.192	 0.803	 0.807	 0.892	 0.817	 1.511	 0.527	 0.957	 0.851	 0.191	 0.000	
   37 0.645	 0.528	 1.192	 0.803	 0.807	 0.892	 0.817	 1.511	 0.527	 0.957	 0.851	 0.191	 0.000	
   38 1.048	 0.535	 0.908	 0.880	 1.144	 1.102	 2.201	 3.050	 0.946	 0.225	 0.443	 0.637	 0.000	
   39 1.048	 0.535	 0.908	 0.880	 1.144	 1.102	 2.201	 3.050	 0.946	 0.225	 0.443	 0.637	 0.000	
   40 1.084	 0.253	 1.139	 0.917	 0.967	 1.247	 2.592	 3.590	 0.474	 0.632	 0.887	 0.265	 0.000	
   41 1.084	 0.253	 1.139	 0.917	 0.967	 1.247	 2.592	 3.590	 0.474	 0.632	 0.887	 0.265	 0.000	
   42 1.084	 0.253	 1.139	 0.917	 0.967	 1.247	 2.592	 3.590	 0.474	 0.632	 0.887	 0.265	 0.000	
   43 0.922	 0.994	 0.858	 1.045	 0.451	 1.131	 0.287	 2.256	 0.531	 1.028	 0.437	 0.194	 0.000	
   44 0.806	 0.689	 1.131	 0.837	 0.594	 1.191	 1.051	 2.601	 0.656	 0.574	 1.015	 0.131	 0.000	
   45 0.806	 0.689	 1.131	 0.837	 0.594	 1.191	 1.051	 2.601	 0.656	 0.574	 1.015	 0.131	 0.000	
   46 0.609	 0.584	 1.155	 0.910	 0.723	 1.080	 1.208	 2.673	 0.428	 1.054	 0.935	 0.091	 0.000	
   47 0.609	 0.584	 1.155	 0.910	 0.723	 1.080	 1.208	 2.673	 0.428	 1.054	 0.935	 0.091	 0.000	
   48 0.609	 0.584	 1.155	 0.910	 0.723	 1.080	 1.208	 2.673	 0.428	 1.054	 0.935	 0.091	 0.000	
   49 0.609	 0.584	 1.155	 0.910	 0.723	 1.080	 1.208	 2.673	 0.428	 1.054	 0.935	 0.091	 0.000	
   50 0.609	 0.584	 1.155	 0.910	 0.723	 1.080	 1.208	 2.673	 0.428	 1.054	 0.935	 0.091	 0.000	
   51 0.609	 0.584	 1.155	 0.910	 0.723	 1.080	 1.208	 2.673	 0.428	 1.054	 0.935	 0.091	 0.000	
   52 0.609	 0.584	 1.155	 0.910	 0.723	 1.080	 1.208	 2.673	 0.428	 1.054	 0.935	 0.091	 0.000	
   53 0.609	 0.584	 1.155	 0.910	 0.723	 1.080	 1.208	 2.673	 0.428	 1.054	 0.935	 0.091	 0.000	
   54 1.248	 0.217	 1.043	 0.634	 0.992	 1.181	 3.046	 4.067	 0.546	 0.598	 0.617	 0.539	 0.000	
   55 1.248	 0.217	 1.043	 0.634	 0.992	 1.181	 3.046	 4.067	 0.546	 0.598	 0.617	 0.539	 0.000	
   56 1.248	 0.217	 1.043	 0.634	 0.992	 1.181	 3.046	 4.067	 0.546	 0.598	 0.617	 0.539	 0.000	
   57 1.248	 0.217	 1.043	 0.634	 0.992	 1.181	 3.046	 4.067	 0.546	 0.598	 0.617	 0.539	 0.000	
   58 0.834	 0.822	 0.679	 0.965	 0.780	 0.949	 0.626	 1.449	 0.432	 0.834	 0.871	 0.338	 0.000	
   59 1.165	 0.541	 0.939	 0.778	 1.243	 0.991	 0.361	 1.725	 0.787	 0.582	 0.399	 0.368	 0.000	
   60 1.165	 0.541	 0.939	 0.778	 1.243	 0.991	 0.361	 1.725	 0.787	 0.582	 0.399	 0.368	 0.000	
   61 1.165	 0.541	 0.939	 0.778	 1.243	 0.991	 0.361	 1.725	 0.787	 0.582	 0.399	 0.368	 0.000	
   62 0.745	 0.618	 1.104	 0.712	 0.853	 0.703	 0.107	 0.731	 0.526	 0.705	 0.616	 0.500	 0.000	
   63 0.873	 0.640	 1.014	 0.901	 0.890	 1.105	 2.006	 2.913	 0.675	 0.457	 0.778	 0.268	 0.000	
   64 1.002	 1.190	 0.538	 0.690	 0.921	 1.279	 3.645	 2.791	 0.484	 0.644	 0.859	 0.145	 0.000	
   65 1.196	 0.379	 0.953	 1.028	 0.976	 1.083	 1.183	 1.333	 0.723	 0.601	 0.476	 0.409	 0.000	
   66 1.131	 1.070	 0.726	 1.191	 0.426	 0.858	 0.489	 3.730	 0.822	 0.433	 0.580	 0.209	 0.000	
   67 1.202	 0.108	 1.222	 0.504	 1.188	 1.129	 3.148	 3.523	 0.412	 0.772	 0.745	 0.418	 0.000	
   68 1.202	 0.108	 1.222	 0.504	 1.188	 1.129	 3.148	 3.523	 0.412	 0.772	 0.745	 0.418	 0.000	
   69 0.751	 0.544	 1.055	 1.045	 0.859	 0.956	 2.044	 4.839	 0.758	 0.463	 0.351	 0.839	 0.000	
   70 1.118	 0.566	 0.912	 0.898	 0.618	 1.047	 0.978	 0.802	 0.669	 0.568	 0.855	 0.221	 0.000	
   71 0.980	 1.014	 0.936	 0.736	 1.193	 1.243	 2.777	 1.075	 0.564	 0.647	 0.199	 0.716	 0.000	
   72 0.980	 1.014	 0.936	 0.736	 1.193	 1.243	 2.777	 1.075	 0.564	 0.647	 0.199	 0.716	 0.000	
   73 0.971	 1.030	 0.773	 0.939	 0.939	 1.046	 0.489	 1.945	 0.618	 0.547	 0.284	 0.609	 0.000	
   74 0.721	 0.992	 0.782	 0.738	 1.018	 0.932	 2.382	 2.386	 0.461	 0.554	 0.580	 0.800	 0.000	
   75 0.721	 0.992	 0.782	 0.738	 1.018	 0.932	 2.382	 2.386	 0.461	 0.554	 0.580	 0.800	 0.000	
   76 0.721	 0.992	 0.782	 0.738	 1.018	 0.932	 2.382	 2.386	 0.461	 0.554	 0.580	 0.800	 0.000	
   77 0.721	 0.992	 0.782	 0.738	 1.018	 0.932	 2.382	 2.386	 0.461	 0.554	 0.580	 0.800	 0.000	
   78 0.965	 0.820	 0.858	 0.897	 0.924	 1.028	 0.439	 0.867	 0.932	 0.544	 0.303	 0.428	 0.000	
   79 1.058	 0.463	 1.205	 0.544	 1.068	 1.067	 1.729	 1.220	 0.807	 0.793	 0.142	 0.484	 0.000	
   80 0.942	 0.347	 1.045	 0.942	 0.952	 0.904	 2.043	 0.525	 0.438	 0.813	 0.527	 0.609	 0.000	
   81 0.942	 0.347	 1.045	 0.942	 0.952	 0.904	 2.043	 0.525	 0.438	 0.813	 0.527	 0.609	 0.000	
   82 1.120	 0.680	 1.143	 0.861	 0.477	 0.970	 0.467	 0.722	 0.674	 0.426	 0.593	 0.524	 0.000	
   83 1.120	 0.680	 1.143	 0.861	 0.477	 0.970	 0.467	 0.722	 0.674	 0.426	 0.593	 0.524	 0.000	
   84 1.083	 0.843	 0.972	 0.918	 0.874	 1.083	 1.866	 4.250	 0.556	 0.754	 0.270	 0.537	 0.000	
   85 0.719	 0.805	 0.791	 0.712	 1.099	 1.006	 0.989	 1.910	 0.961	 0.470	 0.174	 0.806	 0.000	
   86 0.719	 0.805	 0.791	 0.712	 1.099	 1.006	 0.989	 1.910	 0.961	 0.470	 0.174	 0.806	 0.000	
   87 0.719	 0.805	 0.791	 0.712	 1.099	 1.006	 0.989	 1.910	 0.961	 0.470	 0.174	 0.806	 0.000	
   88 0.894	 0.730	 0.942	 0.769	 0.869	 0.938	 1.477	 1.698	 0.654	 0.617	 0.480	 0.602	 0.000	
   89 0.761	 0.384	 0.988	 0.917	 0.789	 1.112	 1.413	 2.437	 0.451	 0.742	 1.105	 0.332	 0.000	
   90 0.761	 0.384	 0.988	 0.917	 0.789	 1.112	 1.413	 2.437	 0.451	 0.742	 1.105	 0.332	 0.000	
   91 0.761	 0.384	 0.988	 0.917	 0.789	 1.112	 1.413	 2.437	 0.451	 0.742	 1.105	 0.332	 0.000	
   92 0.761	 0.384	 0.988	 0.917	 0.789	 1.112	 1.413	 2.437	 0.451	 0.742	 1.105	 0.332	 0.000	
   93 1.171	 1.046	 0.719	 1.224	 0.517	 1.024	 1.294	 3.323	 0.907	 0.481	 0.290	 0.280	 0.000	
   94 1.075	 0.659	 0.908	 1.090	 1.034	 1.207	 2.903	 2.408	 0.742	 0.613	 0.272	 0.512	 0.000	
   95 1.075	 0.659	 0.908	 1.090	 1.034	 1.207	 2.903	 2.408	 0.742	 0.613	 0.272	 0.512	 0.000	
   96 0.842	 1.064	 0.872	 1.099	 0.277	 0.948	 0.924	 2.686	 0.629	 0.644	 0.602	 0.357	 0.000	
   97 1.053	 0.800	 0.898	 1.219	 0.382	 1.159	 0.847	 0.249	 0.525	 0.495	 1.053	 0.139	 0.000	
   98 1.053	 0.800	 0.898	 1.219	 0.382	 1.159	 0.847	 0.249	 0.525	 0.495	 1.053	 0.139	 0.000	
   99 1.053	 0.800	 0.898	 1.219	 0.382	 1.159	 0.847	 0.249	 0.525	 0.495	 1.053	 0.139	 0.000	
  100 1.130	 0.524	 1.003	 1.095	 0.903	 0.970	 3.936	 3.495	 0.818	 0.364	 0.425	 0.386	 0.000	
  101 1.130	 0.524	 1.003	 1.095	 0.903	 0.970	 3.936	 3.495	 0.818	 0.364	 0.425	 0.386	 0.000	
  102 1.130	 0.524	 1.003	 1.095	 0.903	 0.970	 3.936	 3.495	 0.818	 0.364	 0.425	 0.386	 0.000	
  103 1.130	 0.524	 1.003	 1.095	 0.903	 0.970	 3.936	 3.495	 0.818	 0.364	 0.425	 0.386	 0.000	
  104 1.130	 0.524	 1.003	 1.095	 0.903	 0.970	 3.936	 3.495	 0.818	 0.364	 0.425	 0.386	 0.000	
  105 1.130	 0.524	 1.003	 1.095	 0.903	 0.970	 3.936	 3.495	 0.818	 0.364	 0.425	 0.386	 0.000	
  106 1.157	 1.090	 0.715	 0.988	 0.795	 0.961	 1.854	 2.329	 0.681	 0.679	 0.237	 0.400	 0.000	
  107 1.157	 1.090	 0.715	 0.988	 0.795	 0.961	 1.854	 2.329	 0.681	 0.679	 0.237	 0.400	 0.000	
  108 1.157	 1.090	 0.715	 0.988	 0.795	 0.961	 1.854	 2.329	 0.681	 0.679	 0.237	 0.400	 0.000	
  109 1.157	 1.090	 0.715	 0.988	 0.795	 0.961	 1.854	 2.329	 0.681	 0.679	 0.237	 0.400	 0.000	
  110 1.157	 1.090	 0.715	 0.988	 0.795	 0.961	 1.854	 2.329	 0.681	 0.679	 0.237	 0.400	 0.000	
  111 1.157	 1.090	 0.715	 0.988	 0.795	 0.961	 1.854	 2.329	 0.681	 0.679	 0.237	 0.400	 0.000	
  112 1.157	 1.090	 0.715	 0.988	 0.795	 0.961	 1.854	 2.329	 0.681	 0.679	 0.237	 0.400	 0.000	
  113 1.157	 1.090	 0.715	 0.988	 0.795	 0.961	 1.854	 2.329	 0.681	 0.679	 0.237	 0.400	 0.000	
  114 1.157	 1.090	 0.715	 0.988	 0.795	 0.961	 1.854	 2.329	 0.681	 0.679	 0.237	 0.400	 0.000	
  115 1.143	 1.149	 0.901	 0.920	 0.663	 1.108	 1.215	 1.128	 0.586	 0.589	 0.287	 0.453	 0.000	
  116 0.901	 0.993	 0.930	 0.791	 0.730	 1.078	 1.687	 0.316	 0.548	 0.595	 0.481	 0.655	 0.000	
  117 0.967	 0.755	 1.043	 0.643	 0.859	 0.991	 0.145	 3.378	 0.633	 0.618	 0.489	 0.557	 0.000	
  118 0.967	 0.755	 1.043	 0.643	 0.859	 0.991	 0.145	 3.378	 0.633	 0.618	 0.489	 0.557	 0.000	
  119 1.071	 0.508	 1.220	 0.802	 0.727	 0.693	 0.308	 1.014	 0.489	 0.424	 0.605	 0.564	 0.000	
  120 1.071	 0.508	 1.220	 0.802	 0.727	 0.693	 0.308	 1.014	 0.489	 0.424	 0.605	 0.564	 0.000	
  121 1.071	 0.508	 1.220	 0.802	 0.727	 0.693	 0.308	 1.014	 0.489	 0.424	 0.605	 0.564	 0.000	
  122 1.071	 0.508	 1.220	 0.802	 0.727	 0.693	 0.308	 1.014	 0.489	 0.424	 0.605	 0.564	 0.000	
  123 0.737	 0.715	 0.870	 0.705	 0.982	 1.279	 1.476	 2.659	 0.566	 0.582	 0.731	 0.633	 0.000	
  124 1.131	 0.887	 0.744	 0.993	 0.954	 0.878	 0.875	 3.035	 1.007	 0.627	 0.268	 0.091	 0.000	
  125 1.131	 0.887	 0.744	 0.993	 0.954	 0.878	 0.875	 3.035	 1.007	 0.627	 0.268	 0.091	 0.000	
  126 0.954	 0.583	 1.029	 0.993	 0.765	 1.091	 2.052	 1.119	 0.546	 0.723	 0.508	 0.566	 0.000	
  127 1.024	 1.195	 0.322	 0.801	 0.887	 1.211	 3.167	 3.574	 0.591	 0.537	 0.351	 0.766	 0.000	
  128 0.834	 0.919	 0.545	 0.907	 0.844	 1.043	 0.304	 2.642	 0.388	 0.823	 0.958	 0.334	 0.000	
  129 0.834	 0.919	 0.545	 0.907	 0.844	 1.043	 0.304	 2.642	 0.388	 0.823	 0.958	 0.334	 0.000	
  130 0.834	 0.919	 0.545	 0.907	 0.844	 1.043	 0.304	 2.642	 0.388	 0.823	 0.958	 0.334	 0.000	
  131 0.834	 0.919	 0.545	 0.907	 0.844	 1.043	 0.304	 2.642	 0.388	 0.823	 0.958	 0.334	 0.000	
  132 0.834	 0.919	 0.545	 0.907	 0.844	 1.043	 0.304	 2.642	 0.388	 0.823	 0.958	 0.334	 0.000	
  133 1.191	 1.046	 1.052	 0.786	 0.703	 1.266	 1.994	 0.194	 0.726	 0.386	 0.139	 0.686	 0.000	
  134 0.988	 0.472	 1.118	 1.127	 0.870	 0.818	 2.012	 0.647	 0.375	 0.754	 0.576	 0.413	 0.000	
  135 0.934	 1.044	 0.802	 0.814	 0.783	 0.993	 0.594	 3.641	 0.882	 0.578	 0.461	 0.230	 0.000	
  136 0.966	 0.855	 0.929	 1.168	 0.537	 0.883	 0.560	 3.269	 0.567	 0.714	 0.716	 0.212	 0.000	
  137 0.966	 0.855	 0.929	 1.168	 0.537	 0.883	 0.560	 3.269	 0.567	 0.714	 0.716	 0.212	 0.000	
  138 1.035	 1.053	 0.484	 0.629	 0.822	 1.117	 0.546	 1.729	 0.888	 0.107	 0.550	 0.779	 0.000	
  139 1.035	 1.053	 0.484	 0.629	 0.822	 1.117	 0.546	 1.729	 0.888	 0.107	 0.550	 0.779	 0.000	
  140 0.835	 0.738	 1.013	 0.953	 0.697	 1.019	 0.295	 4.241	 0.522	 0.776	 0.792	 0.283	 0.000	
  141 0.870	 0.703	 0.956	 0.888	 0.634	 1.012	 1.542	 1.615	 0.629	 0.664	 0.380	 0.699	 0.000	
  142 0.722	 0.689	 1.030	 0.551	 1.129	 1.039	 1.334	 3.478	 0.401	 0.539	 0.909	 0.563	 0.000	
  143 0.722	 0.689	 1.030	 0.551	 1.129	 1.039	 1.334	 3.478	 0.401	 0.539	 0.909	 0.563	 0.000	
  144 0.722	 0.689	 1.030	 0.551	 1.129	 1.039	 1.334	 3.478	 0.401	 0.539	 0.909	 0.563	 0.000	
  145 1.203	 0.425	 1.130	 1.004	 0.423	 1.173	 0.634	 0.501	 0.811	 0.787	 0.177	 0.407	 0.000	
  146 1.203	 0.425	 1.130	 1.004	 0.423	 1.173	 0.634	 0.501	 0.811	 0.787	 0.177	 0.407	 0.000	
  147 1.203	 0.425	 1.130	 1.004	 0.423	 1.173	 0.634	 0.501	 0.811	 0.787	 0.177	 0.407	 0.000	
  148 0.563	 0.279	 1.191	 0.666	 1.239	 0.434	 0.723	 0.607	 0.402	 0.828	 0.722	 0.823	 0.000	
  149 0.563	 0.279	 1.191	 0.666	 1.239	 0.434	 0.723	 0.607	 0.402	 0.828	 0.722	 0.823	 0.000	
  150 1.261	 0.526	 0.999	 1.022	 0.813	 0.819	 0.675	 2.614	 0.524	 0.724	 0.384	 0.452	 0.000	
  151 1.248	 0.943	 0.683	 1.009	 0.893	 1.195	 1.686	 2.145	 0.707	 0.490	 0.407	 0.308	 0.000	
  152 1.116	 0.508	 1.001	 1.170	 1.114	 1.064	 3.202	 3.567	 0.737	 0.598	 0.297	 0.491	 0.000	
  153 0.905	 0.544	 0.948	 0.648	 1.033	 0.844	 1.393	 0.698	 0.598	 0.944	 0.191	 0.585	 0.000	
  154 0.905	 0.544	 0.948	 0.648	 1.033	 0.844	 1.393	 0.698	 0.598	 0.944	 0.191	 0.585	 0.000	
  155 1.087	 0.319	 1.240	 0.587	 1.099	 0.655	 0.704	 1.392	 0.455	 0.904	 0.490	 0.490	 0.000	
  156 1.087	 0.319	 1.240	 0.587	 1.099	 0.655	 0.704	 1.392	 0.455	 0.904	 0.490	 0.490	 0.000	
  157 0.913	 1.021	 0.955	 0.640	 0.849	 0.906	 1.403	 1.497	 0.488	 0.471	 0.198	 1.001	 0.000	
  158 1.068	 0.689	 0.820	 0.873	 1.242	 1.069	 1.055	 3.387	 0.994	 0.222	 0.418	 0.553	 0.000	
  159 1.068	 0.689	 0.820	 0.873	 1.242	 1.069	 1.055	 3.387	 0.994	 0.222	 0.418	 0.553	 0.000	
  160 1.068	 0.689	 0.820	 0.873	 1.242	 1.069	 1.055	 3.387	 0.994	 0.222	 0.418	 0.553	 0.000	
  161 1.068	 0.689	 0.820	 0.873	 1.242	 1.069	 1.055	 3.387	 0.994	 0.222	 0.418	 0.553	 0.000	
  162 1.068	 0.689	 0.820	 0.873	 1.242	 1.069	 1.055	 3.387	 0.994	 0.222	 0.418	 0.553	 0.000	
  163 0.918	 0.519	 0.916	 1.033	 0.799	 0.964	 0.513	 0.528	 0.711	 0.695	 0.457	 0.466	 0.000	
  164 0.918	 0.519	 0.916	 1.033	 0.799	 0.964	 0.513	 0.528	 0.711	 0.695	 0.457	 0.466	 0.000	
  165 1.091	 0.514	 1.041	 0.761	 1.055	 0.864	 2.004	 4.310	 0.417	 0.632	 0.903	 0.323	 0.000	
  166 1.091	 0.514	 1.041	 0.761	 1.055	 0.864	 2.004	 4.310	 0.417	 0.632	 0.903	 0.323	 0.000	
  167 0.794	 0.467	 0.862	 0.975	 1.153	 0.819	 2.611	 0.648	 0.431	 0.809	 0.122	 1.228	 0.000	
  168 0.794	 0.467	 0.862	 0.975	 1.153	 0.819	 2.611	 0.648	 0.431	 0.809	 0.122	 1.228	 0.000	
  169 1.205	 0.408	 1.004	 0.787	 1.241	 0.770	 1.414	 2.751	 0.317	 0.806	 0.341	 0.618	 0.000	
  170 1.205	 0.408	 1.004	 0.787	 1.241	 0.770	 1.414	 2.751	 0.317	 0.806	 0.341	 0.618	 0.000	
  171 1.205	 0.408	 1.004	 0.787	 1.241	 0.770	 1.414	 2.751	 0.317	 0.806	 0.341	 0.618	 0.000	
  172 0.884	 0.949	 0.543	 1.018	 0.739	 0.978	 1.145	 2.920	 0.365	 0.703	 1.055	 0.234	 0.000	
  173 0.737	 0.685	 0.949	 0.936	 0.658	 1.165	 2.212	 3.542	 0.622	 0.470	 1.190	 0.126	 0.000	
  174 0.737	 0.685	 0.949	 0.936	 0.658	 1.165	 2.212	 3.542	 0.622	 0.470	 1.190	 0.126	 0.000	
  175 0.737	 0.685	 0.949	 0.936	 0.658	 1.165	 2.212	 3.542	 0.622	 0.470	 1.190	 0.126	 0.000	
  176 0.737	 0.685	 0.949	 0.936	 0.658	 1.165	 2.212	 3.542	 0.622	 0.470	 1.190	 0.126	 0.000	
  177 0.886	 0.924	 0.828	 0.825	 0.916	 1.091	 1.537	 4.450	 0.729	 0.599	 0.373	 0.453	 0.000	
  178 0.920	 0.129	 0.899	 0.697	 0.821	 1.170	 1.068	 2.000	 0.465	 1.088	 0.070	 1.174	 0.000	
  179 0.920	 0.129	 0.899	 0.697	 0.821	 1.170	 1.068	 2.000	 0.465	 1.088	 0.070	 1.174	 0.000	
  180 0.920	 0.129	 0.899	 0.697	 0.821	 1.170	 1.068	 2.000	 0.465	 1.088	 0.070	 1.174	 0.000	
  181 0.920	 0.129	 0.899	 0.697	 0.821	 1.170	 1.068	 2.000	 0.465	 1.088	 0.070	 1.174	 0.000	
  182 0.657	 0.853	 1.001	 0.707	 1.128	 0.941	 3.260	 2.067	 0.533	 0.436	 0.209	 1.173	 0.000	
  183 1.023	 0.557	 1.142	 0.816	 1.231	 0.626	 0.320	 0.922	 0.311	 0.662	 0.642	 0.470	 0.000	
  184 0.735	 0.548	 1.227	 0.972	 0.798	 0.881	 0.379	 0.566	 0.573	 0.927	 0.147	 0.708	 0.000	
  185 0.735	 0.548	 1.227	 0.972	 0.798	 0.881	 0.379	 0.566	 0.573	 0.927	 0.147	 0.708	 0.000	
  186 0.735	 0.548	 1.227	 0.972	 0.798	 0.881	 0.379	 0.566	 0.573	 0.927	 0.147	 0.708	 0.000	
  187 1.082	 1.077	 0.632	 0.709	 1.156	 0.572	 1.007	 4.095	 0.724	 0.641	 0.540	 0.262	 0.000	
  188 1.082	 1.077	 0.632	 0.709	 1.156	 0.572	 1.007	 4.095	 0.724	 0.641	 0.540	 0.262	 0.000	
  189 1.082	 1.077	 0.632	 0.709	 1.156	 0.572	 1.007	 4.095	 0.724	 0.641	 0.540	 0.262	 0.000	
  190 1.082	 1.077	 0.632	 0.709	 1.156	 0.572	 1.007	 4.095	 0.724	 0.641	 0.540	 0.262	 0.000	
  191 1.082	 1.077	 0.632	 0.709	 1.156	 0.572	 1.007	 4.095	 0.724	 0.641	 0.540	 0.262	 0.000	
  192 1.082	 1.077	 0.632	 0.709	 1.156	 0.572	 1.007	 4.095	 0.724	 0.641	 0.540	 0.262	 0.000	
  193 1.082	 1.077	 0.632	 0.709	 1.156	 0.572	 1.007	 4.095	 0.724	 0.641	 0.540	 0.262	 0.000	
  194 1.043	 0.631	 0.897	 0.796	 1.064	 1.155	 1.831	 2.995	 0.558	 0.739	 0.414	 0.611	 0.000	
  195 1.041	 1.041	 0.911	 0.782	 0.925	 0.860	 0.176	 1.878	 0.655	 0.424	 0.559	 0.506	 0.000	
  196 1.041	 1.041	 0.911	 0.782	 0.925	 0.860	 0.176	 1.878	 0.655	 0.424	 0.559	 0.506	 0.000	
  197 0.821	 0.459	 1.130	 0.668	 1.257	 0.732	 1.926	 1.479	 0.419	 0.771	 0.209	 0.993	 0.000	
  198 0.841	 0.550	 1.087	 0.732	 0.823	 0.987	 1.364	 2.914	 0.584	 0.970	 0.509	 0.375	 0.000	
  199 0.713	 0.549	 0.959	 0.995	 0.946	 0.951	 2.398	 3.323	 0.480	 0.800	 0.279	 0.994	 0.000	
  200 1.010	 0.496	 0.951	 0.815	 1.117	 0.788	 0.767	 3.546	 0.494	 0.948	 0.643	 0.289	 0.000	
  201 0.713	 0.746	 1.088	 0.956	 0.623	 1.227	 2.386	 2.458	 0.469	 0.732	 0.794	 0.353	 0.000	
  202 0.713	 0.746	 1.088	 0.956	 0.623	 1.227	 2.386	 2.458	 0.469	 0.732	 0.794	 0.353	 0.000	
  203 0.713	 0.746	 1.088	 0.956	 0.623	 1.227	 2.386	 2.458	 0.469	 0.732	 0.794	 0.353	 0.000	
  204 0.713	 0.746	 1.088	 0.956	 0.623	 1.227	 2.386	 2.458	 0.469	 0.732	 0.794	 0.353	 0.000	
  205 0.611	 0.580	 1.006	 0.821	 0.892	 0.667	 0.335	 1.081	 0.576	 1.000	 0.787	 0.287	 0.000	
  206 0.885	 0.645	 0.975	 1.112	 0.867	 1.141	 4.272	 2.976	 0.732	 0.339	 0.542	 0.531	 0.000	
  207 0.885	 0.645	 0.975	 1.112	 0.867	 1.141	 4.272	 2.976	 0.732	 0.339	 0.542	 0.531	 0.000	
  208 0.885	 0.645	 0.975	 1.112	 0.867	 1.141	 4.272	 2.976	 0.732	 0.339	 0.542	 0.531	 0.000	
  209 0.885	 0.645	 0.975	 1.112	 0.867	 1.141	 4.272	 2.976	 0.732	 0.339	 0.542	 0.531	 0.000	
  210 0.793	 0.597	 1.121	 1.043	 0.807	 0.912	 1.525	 4.882	 0.530	 0.919	 0.688	 0.216	 0.000	
  211 0.793	 0.597	 1.121	 1.043	 0.807	 0.912	 1.525	 4.882	 0.530	 0.919	 0.688	 0.216	 0.000	
  212 0.793	 0.597	 1.121	 1.043	 0.807	 0.912	 1.525	 4.882	 0.530	 0.919	 0.688	 0.216	 0.000	
  213 0.793	 0.597	 1.121	 1.043	 0.807	 0.912	 1.525	 4.882	 0.530	 0.919	 0.688	 0.216	 0.000	
  214 0.694	 0.711	 1.081	 0.854	 0.970	 1.226	 2.825	 4.059	 0.597	 0.693	 0.822	 0.306	 0.000	
  215 0.694	 0.711	 1.081	 0.854	 0.970	 1.226	 2.825	 4.059	 0.597	 0.693	 0.822	 0.306	 0.000	
  216 0.894	 0.460	 1.130	 0.600	 1.072	 0.861	 0.594	 1.796	 0.788	 0.631	 0.586	 0.451	 0.000	
  217 1.196	 0.765	 0.954	 0.553	 1.133	 0.562	 1.144	 2.530	 0.267	 0.648	 0.767	 0.258	 0.000	
  218 1.196	 0.765	 0.954	 0.553	 1.133	 0.562	 1.144	 2.530	 0.267	 0.648	 0.767	 0.258	 0.000	
  219 1.196	 0.765	 0.954	 0.553	 1.133	 0.562	 1.144	 2.530	 0.267	 0.648	 0.767	 0.258	 0.000	
  220 0.843	 0.903	 0.868	 1.047	 0.694	 1.177	 1.153	 1.369	 0.372	 0.642	 0.213	 1.119	 0.000	
  221 0.843	 0.903	 0.868	 1.047	 0.694	 1.177	 1.153	 1.369	 0.372	 0.642	 0.213	 1.119	 0.000	
  222 0.843	 0.903	 0.868	 1.047	 0.694	 1.177	 1.153	 1.369	 0.372	 0.642	 0.213	 1.119	 0.000	
  223 0.843	 0.903	 0.868	 1.047	 0.694	 1.177	 1.153	 1.369	 0.372	 0.642	 0.213	 1.119	 0.000	
  224 1.068	 1.189	 0.460	 1.112	 0.633	 1.222	 2.926	 1.671	 0.742	 0.480	 0.416	 0.532	 0.000	
  225 1.068	 1.189	 0.460	 1.112	 0.633	 1.222	 2.926	 1.671	 0.742	 0.480	 0.416	 0.532	 0.000	
  226 1.068	 1.189	 0.460	 1.112	 0.633	 1.222	 2.926	 1.671	 0.742	 0.480	 0.416	 0.532	 0.000	
  227 1.068	 1.189	 0.460	 1.112	 0.633	 1.222	 2.926	 1.671	 0.742	 0.480	 0.416	 0.532	 0.000	
  228 1.068	 1.189	 0.460	 1.112	 0.633	 1.222	 2.926	 1.671	 0.742	 0.480	 0.416	 0.532	 0.000	
  229 1.068	 1.189	 0.460	 1.112	 0.633	 1.222	 2.926	 1.671	 0.742	 0.480	 0.416	 0.532	 0.000	
  230 0.718	 0.620	 1.174	 0.782	 0.708	 1.162	 1.092	 2.645	 0.562	 1.028	 0.418	 0.475	 0.000	
  231 0.718	 0.620	 1.174	 0.782	 0.708	 1.162	 1.092	 2.645	 0.562	 1.028	 0.418	 0.475	 0.000	
  232 0.718	 0.620	 1.174	 0.782	 0.708	 1.162	 1.092	 2.645	 0.562	 1.028	 0.418	 0.475	 0.000	
  233 0.718	 0.620	 1.174	 0.782	 0.708	 1.162	 1.092	 2.645	 0.562	 1.028	 0.418	 0.475	 0.000	
  234 0.766	 0.269	 0.994	 0.728	 0.969	 1.016	 1.015	 0.324	 0.642	 0.730	 0.409	 0.973	 0.000	
  235 0.929	 0.660	 1.042	 1.247	 0.290	 1.089	 1.259	 2.628	 0.850	 0.457	 0.457	 0.521	 0.000	
  236 0.929	 0.660	 1.042	 1.247	 0.290	 1.089	 1.259	 2.628	 0.850	 0.457	 0.457	 0.521	 0.000	
  237 0.929	 0.660	 1.042	 1.247	 0.290	 1.089	 1.259	 2.628	 0.850	 0.457	 0.457	 0.521	 0.000	
  238 0.929	 0.660	 1.042	 1.247	 0.290	 1.089	 1.259	 2.628	 0.850	 0.457	 0.457	 0.521	 0.000	
  239 1.195	 0.764	 0.932	 0.948	 1.012	 1.235	 2.433	 3.179	 0.764	 0.748	 0.288	 0.081	 0.000	
  240 0.936	 0.618	 1.060	 1.065	 0.994	 0.889	 0.952	 0.494	 0.557	 1.013	 0.139	 0.531	 0.000	
  241 0.936	 0.618	 1.060	 1.065	 0.994	 0.889	 0.952	 0.494	 0.557	 1.013	 0.139	 0.531	 0.000	
  242 0.936	 0.618	 1.060	 1.065	 0.994	 0.889	 0.952	 0.494	 0.557	 1.013	 0.139	 0.531	 0.000	
  243 1.161	 0.623	 0.693	 0.807	 0.969	 1.091	 0.464	 2.627	 0.453	 0.468	 0.622	 0.652	 0.000	
  244 1.161	 0.623	 0.693	 0.807	 0.969	 1.091	 0.464	 2.627	 0.453	 0.468	 0.622	 0.652	 0.000	
  245 1.236	 0.382	 1.149	 1.020	 0.458	 1.100	 1.455	 1.288	 0.656	 0.342	 0.380	 0.796	 0.000	
  246 0.641	 0.617	 1.175	 0.895	 0.829	 1.011	 0.520	 0.425	 0.689	 0.766	 0.549	 0.489	 0.000	
  247 0.641	 0.617	 1.175	 0.895	 0.829	 1.011	 0.520	 0.425	 0.689	 0.766	 0.549	 0.489	 0.000	
  248 0.611	 0.668	 1.058	 0.577	 1.085	 1.076	 0.886	 3.541	 0.454	 0.452	 0.767	 0.768	 0.000	
  249 0.611	 0.668	 1.058	 0.577	 1.085	 1.076	 0.886	 3.541	 0.454	 0.452	 0.767	 0.768	 0.000	
  250 0.611	 0.668	 1.058	 0.577	 1.085	 1.076	 0.886	 3.541	 0.454	 0.452	 0.767	 0.768	 0.000	
  251 0.611	 0.668	 1.058	 0.577	 1.085	 1.076	 0.886	 3.541	 0.454	 0.452	 0.767	 0.768	 0.000	
  252 0.611	 0.687	 1.044	 0.866	 0.574	 1.083	 0.469	 0.180	 0.335	 0.910	 0.951	 0.231	 0.000	
  253 0.611	 0.687	 1.044	 0.866	 0.574	 1.083	 0.469	 0.180	 0.335	 0.910	 0.951	 0.231	 0.000	
  254 0.611	 0.687	 1.044	 0.866	 0.574	 1.083	 0.469	 0.180	 0.335	 0.910	 0.951	 0.231	 0.000	
  255 0.809	 1.260	 0.597	 0.940	 0.458	 1.077	 0.886	 4.338	 0.703	 0.480	 0.686	 0.468	 0.000	
  256 1.203	 0.716	 1.201	 1.035	 0.703	 1.211	 2.412	 3.276	 0.733	 0.542	 0.129	 0.556	 0.000	
  257 1.025	 0.536	 0.948	 1.184	 0.898	 0.961	 3.476	 4.830	 0.644	 0.719	 0.271	 0.638	 0.000	
  258 1.097	 0.657	 1.116	 1.074	 0.668	 0.901	 1.943	 3.434	 0.688	 0.722	 0.496	 0.113	 0.000	
  259 1.267	 0.538	 0.895	 0.763	 1.187	 0.811	 1.136	 4.293	 0.356	 0.871	 0.311	 0.555	 0.000	
  260 1.238	 0.433	 0.992	 1.173	 0.526	 1.117	 3.146	 2.032	 0.447	 0.813	 0.430	 0.528	 0.000	
  261 1.091	 0.942	 1.149	 0.723	 0.462	 1.079	 1.338	 2.392	 0.720	 0.529	 0.616	 0.095	 0.000	
  262 1.193	 1.073	 0.590	 0.945	 0.685	 0.940	 0.689	 3.301	 0.864	 0.315	 0.733	 0.203	 0.000	
  263 0.988	 0.430	 1.050	 0.749	 1.094	 0.690	 0.145	 1.040	 0.628	 0.913	 0.491	 0.373	 0.000	
  264 0.988	 0.430	 1.050	 0.749	 1.094	 0.690	 0.145	 1.040	 0.628	 0.913	 0.491	 0.373	 0.000	
  265 0.988	 0.430	 1.050	 0.749	 1.094	 0.690	 0.145	 1.040	 0.628	 0.913	 0.491	 0.373	 0.000	
  266 1.112	 0.504	 1.285	 0.968	 0.770	 1.010	 2.333	 0.051	 0.392	 0.624	 0.840	 0.198	 0.000	
  267 0.743	 1.131	 0.817	 0.821	 0.801	 0.660	 0.894	 2.674	 0.595	 0.479	 0.599	 0.623	 0.000	
  268 1.163	 0.469	 1.257	 0.517	 1.002	 0.895	 1.064	 0.808	 0.460	 0.864	 0.200	 0.726	 0.000	
  269 0.916	 1.032	 0.575	 1.059	 0.561	 0.935	 1.099	 3.862	 0.899	 0.326	 0.609	 0.348	 0.000	
  270 0.916	 1.032	 0.575	 1.059	 0.561	 0.935	 1.099	 3.862	 0.899	 0.326	 0.609	 0.348	 0.000	
  271 0.916	 1.032	 0.575	 1.059	 0.561	 0.935	 1.099	 3.862	 0.899	 0.326	 0.609	 0.348	 0.000	
  272 0.732	 0.814	 0.957	 1.075	 0.455	 1.038	 1.704	 1.098	 0.534	 0.634	 0.450	 0.801	 0.000	
  273 0.558	 1.037	 0.762	 0.806	 0.700	 0.990	 1.420	 3.179	 0.876	 0.350	 0.427	 0.884	 0.000	
  274 0.558	 1.037	 0.762	 0.806	 0.700	 0.990	 1.420	 3.179	 0.876	 0.350	 0.427	 0.884	 0.000	
  275 0.159	 0.793	 0.953	 0.934	 0.815	 1.209	 2.393	 2.051	 0.578	 0.527	 0.545	 1.299	 0.000	
  276 0.159	 0.793	 0.953	 0.934	 0.815	 1.209	 2.393	 2.051	 0.578	 0.527	 0.545	 1.299	 0.000	
  277 1.072	 0.583	 1.231	 0.875	 0.741	 1.014	 2.650	 2.557	 0.391	 1.050	 0.410	 0.240	 0.000	
  278 0.888	 0.438	 1.088	 1.193	 0.871	 1.129	 4.761	 1.242	 0.523	 0.649	 0.720	 0.498	 0.000	
  279 0.888	 0.438	 1.088	 1.193	 0.871	 1.129	 4.761	 1.242	 0.523	 0.649	 0.720	 0.498	 0.000	
  280 1.016	 0.868	 0.892	 0.883	 0.617	 0.937	 1.756	 2.582	 0.683	 0.500	 0.376	 0.593	 0.000	
  281 0.806	 0.429	 0.964	 0.922	 1.024	 0.434	 1.062	 2.639	 0.637	 1.003	 0.270	 0.632	 0.000	
  282 1.062	 0.514	 1.026	 0.827	 0.708	 1.200	 3.122	 2.883	 0.411	 1.025	 0.351	 0.306	 0.000	
  283 0.963	 1.067	 0.878	 1.261	 0.164	 0.993	 0.944	 1.706	 0.490	 0.621	 0.555	 0.550	 0.000	
  284 0.963	 1.067	 0.878	 1.261	 0.164	 0.993	 0.944	 1.706	 0.490	 0.621	 0.555	 0.550	 0.000	
  285 0.705	 0.952	 0.832	 1.031	 0.709	 1.073	 1.174	 0.160	 0.479	 0.583	 0.217	 1.231	 0.000	
  286 0.834	 0.898	 0.760	 0.798	 0.980	 1.063	 2.708	 3.523	 0.636	 0.806	 0.448	 0.391	 0.000	
  287 0.834	 0.898	 0.760	 0.798	 0.980	 1.063	 2.708	 3.523	 0.636	 0.806	 0.448	 0.391	 0.000	
  288 1.056	 0.645	 0.842	 1.094	 1.118	 1.279	 4.122	 1.506	 0.778	 0.418	 0.104	 0.840	 0.000	
  289 1.056	 0.645	 0.842	 1.094	 1.118	 1.279	 4.122	 1.506	 0.778	 0.418	 0.104	 0.840	 0.000	
  290 1.056	 0.645	 0.842	 1.094	 1.118	 1.279	 4.122	 1.506	 0.778	 0.418	 0.104	 0.840	 0.000	
  291 1.056	 0.645	 0.842	 1.094	 1.118	 1.279	 4.122	 1.506	 0.778	 0.418	 0.104	 0.840	 0.000	
  292 1.056	 0.645	 0.842	 1.094	 1.118	 1.279	 4.122	 1.506	 0.778	 0.418	 0.104	 0.840	 0.000	
  293 1.135	 0.466	 1.125	 0.775	 1.376	 0.938	 4.318	 2.219	 0.525	 0.549	 0.218	 0.721	 0.000	
  294 1.135	 0.466	 1.125	 0.775	 1.376	 0.938	 4.318	 2.219	 0.525	 0.549	 0.218	 0.721	 0.000	
  295 1.135	 0.466	 1.125	 0.775	 1.376	 0.938	 4.318	 2.219	 0.525	 0.549	 0.218	 0.721	 0.000	
  296 1.135	 0.466	 1.125	 0.775	 1.376	 0.938	 4.318	 2.219	 0.525	 0.549	 0.218	 0.721	 0.000	
  297 1.135	 0.466	 1.125	 0.775	 1.376	 0.938	 4.318	 2.219	 0.525	 0.549	 0.218	 0.721	 0.000	
  298 1.135	 0.466	 1.125	 0.775	 1.376	 0.938	 4.318	 2.219	 0.525	 0.549	 0.218	 0.721	 0.000	
  299 1.000	 0.937	 0.901	 0.771	 1.253	 1.374	 3.284	 1.834	 0.571	 0.654	 0.067	 0.786	 0.000	
  300 1.000	 0.937	 0.901	 0.771	 1.253	 1.374	 3.284	 1.834	 0.571	 0.654	 0.067	 0.786	 0.000	
  301 0.940	 1.200	 0.894	 0.867	 0.756	 1.038	 1.704	 2.441	 0.420	 0.583	 0.347	 0.760	 0.000	
  302 0.940	 1.200	 0.894	 0.867	 0.756	 1.038	 1.704	 2.441	 0.420	 0.583	 0.347	 0.760	 0.000	
  303 0.976	 0.350	 0.992	 1.282	 0.586	 1.175	 3.508	 2.839	 0.423	 0.621	 0.678	 0.670	 0.000	
  304 1.120	 0.397	 1.179	 1.057	 1.191	 0.755	 3.721	 1.128	 0.386	 0.640	 0.204	 0.747	 0.000	
  305 1.120	 0.397	 1.179	 1.057	 1.191	 0.755	 3.721	 1.128	 0.386	 0.640	 0.204	 0.747	 0.000	
  306 1.120	 0.397	 1.179	 1.057	 1.191	 0.755	 3.721	 1.128	 0.386	 0.640	 0.204	 0.747	 0.000	
  307 1.120	 0.397	 1.179	 1.057	 1.191	 0.755	 3.721	 1.128	 0.386	 0.640	 0.204	 0.747	 0.000	
  308 0.917	 0.816	 0.900	 0.731	 0.974	 1.057	 4.837	 1.103	 0.735	 0.588	 0.071	 0.753	 0.000	
  309 0.650	 0.509	 1.204	 0.737	 0.714	 1.086	 0.445	 3.376	 0.486	 0.557	 0.891	 0.763	 0.000	
  310 0.650	 0.509	 1.204	 0.737	 0.714	 1.086	 0.445	 3.376	 0.486	 0.557	 0.891	 0.763	 0.000	
  311 0.650	 0.509	 1.204	 0.737	 0.714	 1.086	 0.445	 3.376	 0.486	 0.557	 0.891	 0.763	 0.000	
  312 0.650	 0.509	 1.204	 0.737	 0.714	 1.086	 0.445	 3.376	 0.486	 0.557	 0.891	 0.763	 0.000	
  313 0.650	 0.509	 1.204	 0.737	 0.714	 1.086	 0.445	 3.376	 0.486	 0.557	 0.891	 0.763	 0.000	
  314 0.650	 0.509	 1.204	 0.737	 0.714	 1.086	 0.445	 3.376	 0.486	 0.557	 0.891	 0.763	 0.000	
  315 0.650	 0.509	 1.204	 0.737	 0.714	 1.086	 0.445	 3.376	 0.486	 0.557	 0.891	 0.763	 0.000	
  316 0.954	 0.850	 1.034	 1.273	 0.227	 1.043	 1.318	 0.672	 0.441	 0.631	 0.751	 0.406	 0.000	
  317 0.954	 0.850	 1.034	 1.273	 0.227	 1.043	 1.318	 0.672	 0.441	 0.631	 0.751	 0.406	 0.000	
  318 1.197	 0.554	 0.915	 1.143	 1.141	 1.099	 4.349	 4.954	 0.700	 0.679	 0.244	 0.469	 0.000	
  319 1.020	 0.832	 0.862	 0.897	 0.872	 1.121	 1.169	 3.314	 0.706	 0.442	 0.565	 0.547	 0.000	
  320 0.931	 0.735	 0.852	 0.753	 0.918	 1.129	 1.690	 3.440	 0.675	 0.523	 0.852	 0.344	 0.000	
  321 0.620	 0.394	 1.166	 0.861	 1.148	 0.967	 2.472	 2.304	 0.482	 0.864	 0.129	 1.197	 0.000	
  322 0.620	 0.394	 1.166	 0.861	 1.148	 0.967	 2.472	 2.304	 0.482	 0.864	 0.129	 1.197	 0.000	
  323 1.020	 0.399	 1.259	 0.898	 0.883	 1.026	 3.481	 2.927	 0.585	 0.589	 0.360	 0.718	 0.000	
  324 1.257	 0.469	 0.829	 0.697	 1.054	 1.122	 1.959	 1.267	 0.727	 0.475	 0.665	 0.415	 0.000	
  325 1.257	 0.469	 0.829	 0.697	 1.054	 1.122	 1.959	 1.267	 0.727	 0.475	 0.665	 0.415	 0.000	
  326 1.288	 0.808	 0.756	 0.833	 0.958	 0.668	 0.865	 1.431	 0.457	 0.713	 0.147	 0.776	 0.000	
  327 1.161	 0.980	 0.875	 1.056	 0.649	 0.984	 1.339	 3.965	 0.742	 0.628	 0.363	 0.280	 0.000	
  328 1.161	 0.980	 0.875	 1.056	 0.649	 0.984	 1.339	 3.965	 0.742	 0.628	 0.363	 0.280	 0.000	
  329 1.161	 0.980	 0.875	 1.056	 0.649	 0.984	 1.339	 3.965	 0.742	 0.628	 0.363	 0.280	 0.000	
  330 1.161	 0.980	 0.875	 1.056	 0.649	 0.984	 1.339	 3.965	 0.742	 0.628	 0.363	 0.280	 0.000	
  331 0.925	 0.807	 0.909	 0.819	 0.825	 1.292	 4.141	 1.871	 0.495	 0.520	 0.474	 0.860	 0.000	
  332 0.925	 0.807	 0.909	 0.819	 0.825	 1.292	 4.141	 1.871	 0.495	 0.520	 0.474	 0.860	 0.000	
  333 0.925	 0.807	 0.909	 0.819	 0.825	 1.292	 4.141	 1.871	 0.495	 0.520	 0.474	 0.860	 0.000	
  334 1.269	 0.550	 1.003	 1.235	 0.398	 1.213	 3.815	 2.888	 0.461	 0.601	 0.598	 0.381	 0.000	
  335 1.269	 0.550	 1.003	 1.235	 0.398	 1.213	 3.815	 2.888	 0.461	 0.601	 0.598	 0.381	 0.000	
  336 1.113	 0.478	 0.904	 0.760	 1.111	 1.063	 2.903	 1.693	 0.581	 0.551	 0.476	 0.789	 0.000	
  337 1.046	 0.598	 1.019	 0.973	 0.765	 1.071	 3.255	 0.719	 0.462	 1.017	 0.353	 0.445	 0.000	
  338 0.869	 0.438	 1.232	 0.752	 0.856	 0.767	 0.729	 2.990	 0.548	 0.958	 0.661	 0.242	 0.000	
  339 0.504	 0.578	 1.032	 0.730	 1.134	 1.190	 4.857	 3.217	 0.620	 0.473	 0.421	 1.260	 0.000	
  340 0.504	 0.578	 1.032	 0.730	 1.134	 1.190	 4.857	 3.217	 0.620	 0.473	 0.421	 1.260	 0.000	
  341 0.476	 0.558	 0.987	 0.807	 1.259	 1.098	 4.494	 2.619	 0.509	 0.600	 0.515	 1.068	 0.000	
  342 0.978	 0.623	 1.021	 1.074	 0.842	 0.922	 3.600	 1.955	 0.572	 0.797	 0.487	 0.372	 0.000	
  343 0.683	 0.315	 1.180	 0.777	 1.011	 0.873	 0.894	 4.646	 0.468	 0.988	 0.896	 0.309	 0.000	
  344 0.592	 0.327	 1.146	 0.971	 1.099	 0.977	 2.883	 1.940	 0.449	 0.823	 0.263	 1.141	 0.000	
  345 0.592	 0.327	 1.146	 0.971	 1.099	 0.977	 2.883	 1.940	 0.449	 0.823	 0.263	 1.141	 0.000	
  346 0.592	 0.327	 1.146	 0.971	 1.099	 0.977	 2.883	 1.940	 0.449	 0.823	 0.263	 1.141	 0.000	
  347 0.592	 0.327	 1.146	 0.971	 1.099	 0.977	 2.883	 1.940	 0.449	 0.823	 0.263	 1.141	 0.000	
  348 0.592	 0.327	 1.146	 0.971	 1.099	 0.977	 2.883	 1.940	 0.449	 0.823	 0.263	 1.141	 0.000	
  349 0.592	 0.327	 1.146	 0.971	 1.099	 0.977	 2.883	 1.940	 0.449	 0.823	 0.263	 1.141	 0.000	
  350 0.592	 0.327	 1.146	 0.971	 1.099	 0.977	 2.883	 1.940	 0.449	 0.823	 0.263	 1.141	 0.000	
  351 1.269	 0.867	 0.905	 0.470	 0.873	 1.108	 1.056	 4.302	 0.683	 0.435	 0.543	 0.432	 0.000	
  352 0.661	 0.750	 1.149	 0.954	 0.620	 1.095	 1.036	 1.561	 0.624	 0.877	 0.306	 0.628	 0.000	
  353 0.957	 0.369	 1.087	 1.156	 0.965	 1.280	 1.873	 0.594	 0.377	 1.033	 0.307	 0.623	 0.000	
  354 0.957	 0.369	 1.087	 1.156	 0.965	 1.280	 1.873	 0.594	 0.377	 1.033	 0.307	 0.623	 0.000	
  355 1.024	 1.000	 0.735	 0.993	 0.657	 0.586	 0.726	 0.630	 0.428	 0.829	 0.389	 0.435	 0.000	
  356 1.024	 1.000	 0.735	 0.993	 0.657	 0.586	 0.726	 0.630	 0.428	 0.829	 0.389	 0.435	 0.000	
  357 0.935	 0.392	 1.169	 1.080	 0.868	 0.986	 3.285	 2.941	 0.619	 1.045	 0.068	 0.593	 0.000	
  358 0.805	 0.402	 1.072	 0.489	 1.068	 1.066	 1.225	 0.779	 0.545	 0.909	 0.482	 0.711	 0.000	
  359 1.148	 1.252	 0.576	 1.093	 0.467	 0.921	 1.011	 2.578	 0.630	 0.728	 0.384	 0.299	 0.000	
  360 1.148	 1.252	 0.576	 1.093	 0.467	 0.921	 1.011	 2.578	 0.630	 0.728	 0.384	 0.299	 0.000	
  361 1.177	 0.473	 1.076	 0.757	 0.914	 1.062	 3.383	 1.353	 0.460	 0.967	 0.569	 0.194	 0.000	
  362 0.803	 0.838	 0.545	 0.747	 0.872	 1.014	 0.317	 2.927	 0.488	 0.953	 0.799	 0.385	 0.000	
  363 0.803	 0.838	 0.545	 0.747	 0.872	 1.014	 0.317	 2.927	 0.488	 0.953	 0.799	 0.385	 0.000	
  364 0.803	 0.838	 0.545	 0.747	 0.872	 1.014	 0.317	 2.927	 0.488	 0.953	 0.799	 0.385	 0.000	
  365 0.858	 0.974	 0.822	 0.723	 0.981	 1.025	 0.546	 3.966	 0.598	 0.728	 0.755	 0.091	 0.000	
  366 0.979	 0.579	 0.911	 0.973	 0.890	 0.961	 1.839	 4.910	 0.600	 0.524	 0.805	 0.432	 0.000	
  367 0.688	 0.962	 0.869	 0.692	 1.015	 0.759	 0.636	 4.081	 0.326	 0.938	 0.659	 0.404	 0.000	
  368 0.688	 0.962	 0.869	 0.692	 1.015	 0.759	 0.636	 4.081	 0.326	 0.938	 0.659	 0.404	 0.000	
  369 0.491	 0.475	 1.148	 0.805	 0.990	 1.049	 2.087	 2.128	 0.583	 0.790	 0.298	 1.091	 0.000	
  370 0.491	 0.475	 1.148	 0.805	 0.990	 1.049	 2.087	 2.128	 0.583	 0.790	 0.298	 1.091	 0.000	
  371 0.684	 0.958	 0.861	 0.981	 0.557	 1.038	 1.924	 1.906	 0.604	 0.501	 0.372	 0.945	 0.000	
  372 1.015	 0.680	 0.766	 1.092	 0.799	 0.454	 1.165	 3.672	 0.634	 0.595	 0.691	 0.442	 0.000	
  373 1.015	 0.680	 0.766	 1.092	 0.799	 0.454	 1.165	 3.672	 0.634	 0.595	 0.691	 0.442	 0.000	
  374 1.015	 0.680	 0.766	 1.092	 0.799	 0.454	 1.165	 3.672	 0.634	 0.595	 0.691	 0.442	 0.000	
  375 1.015	 0.680	 0.766	 1.092	 0.799	 0.454	 1.165	 3.672	 0.634	 0.595	 0.691	 0.442	 0.000	
  376 1.015	 0.680	 0.766	 1.092	 0.799	 0.454	 1.165	 3.672	 0.634	 0.595	 0.691	 0.442	 0.000	
  377 1.015	 0.680	 0.766	 1.092	 0.799	 0.454	 1.165	 3.672	 0.634	 0.595	 0.691	 0.442	 0.000	
  378 1.015	 0.680	 0.766	 1.092	 0.799	 0.454	 1.165	 3.672	 0.634	 0.595	 0.691	 0.442	 0.000	
  379 1.015	 0.680	 0.766	 1.092	 0.799	 0.454	 1.165	 3.672	 0.634	 0.595	 0.691	 0.442	 0.000	
  380 1.015	 0.680	 0.766	 1.092	 0.799	 0.454	 1.165	 3.672	 0.634	 0.595	 0.691	 0.442	 0.000	
  381 0.993	 0.378	 1.225	 1.027	 0.674	 1.248	 3.202	 1.140	 0.410	 0.856	 0.505	 0.564	 0.000	
  382 0.993	 0.378	 1.225	 1.027	 0.674	 1.248	 3.202	 1.140	 0.410	 0.856	 0.505	 0.564	 0.000	
  383 0.993	 0.378	 1.225	 1.027	 0.674	 1.248	 3.202	 1.140	 0.410	 0.856	 0.505	 0.564	 0.000	
  384 0.993	 0.378	 1.225	 1.027	 0.674	 1.248	 3.202	 1.140	 0.410	 0.856	 0.505	 0.564	 0.000	
  385 0.993	 0.378	 1.225	 1.027	 0.674	 1.248	 3.202	 1.140	 0.410	 0.856	 0.505	 0.564	 0.000	
  386 0.993	 0.378	 1.225	 1.027	 0.674	 1.248	 3.202	 1.140	 0.410	 0.856	 0.505	 0.564	 0.000	
  387 0.993	 0.378	 1.225	 1.027	 0.674	 1.248	 3.202	 1.140	 0.410	 0.856	 0.505	 0.564	 0.000	
  388 0.993	 0.378	 1.225	 1.027	 0.674	 1.248	 3.202	 1.140	 0.410	 0.856	 0.505	 0.564	 0.000	
  389 0.782	 1.030	 0.862	 0.940	 0.589	 0.891	 0.305	 2.388	 0.669	 0.707	 0.362	 0.641	 0.000	
  390 0.782	 1.030	 0.862	 0.940	 0.589	 0.891	 0.305	 2.388	 0.669	 0.707	 0.362	 0.641	 0.000	
  391 0.508	 0.904	 0.808	 1.077	 0.509	 0.945	 0.555	 4.300	 0.756	 0.457	 0.929	 0.429	 0.000	
  392 0.508	 0.904	 0.808	 1.077	 0.509	 0.945	 0.555	 4.300	 0.756	 0.457	 0.929	 0.429	 0.000	
  393 0.508	 0.904	 0.808	 1.077	 0.509	 0.945	 0.555	 4.300	 0.756	 0.457	 0.929	 0.429	 0.000	
  394 0.508	 0.904	 0.808	 1.077	 0.509	 0.945	 0.555	 4.300	 0.756	 0.457	 0.929	 0.429	 0.000	
  395 0.508	 0.904	 0.808	 1.077	 0.509	 0.945	 0.555	 4.300	 0.756	 0.457	 0.929	 0.429	 0.000	
  396 1.079	 0.950	 1.020	 0.511	 0.678	 1.068	 0.237	 2.935	 0.866	 0.406	 0.513	 0.262	 0.000	
  397 0.886	 0.627	 0.895	 0.570	 1.089	 0.835	 1.019	 3.355	 0.640	 0.676	 0.658	 0.561	 0.000	
  398 0.839	 0.462	 1.168	 1.092	 0.923	 0.755	 1.660	 1.229	 0.459	 0.760	 0.848	 0.272	 0.000	
  399 0.839	 0.462	 1.168	 1.092	 0.923	 0.755	 1.660	 1.229	 0.459	 0.760	 0.848	 0.272	 0.000	
  400 0.839	 0.462	 1.168	 1.092	 0.923	 0.755	 1.660	 1.229	 0.459	 0.760	 0.848	 0.272	 0.000	
  401 1.190	 0.848	 0.852	 1.045	 0.956	 0.777	 2.222	 2.266	 0.426	 0.535	 0.379	 0.620	 0.000	
  402 1.190	 0.848	 0.852	 1.045	 0.956	 0.777	 2.222	 2.266	 0.426	 0.535	 0.379	 0.620	 0.000	
  403 1.209	 0.719	 0.999	 1.155	 0.727	 1.175	 3.308	 3.942	 0.504	 0.960	 0.471	 0.052	 0.000	
  404 1.055	 0.565	 0.841	 0.869	 0.989	 0.456	 1.112	 4.122	 0.672	 0.324	 0.769	 0.624	 0.000	
  405 1.055	 0.565	 0.841	 0.869	 0.989	 0.456	 1.112	 4.122	 0.672	 0.324	 0.769	 0.624	 0.000	
  406 1.168	 0.676	 0.713	 1.115	 0.611	 0.922	 1.204	 3.000	 0.721	 0.494	 0.463	 0.386	 0.000	
  407 0.967	 0.696	 0.882	 1.138	 0.822	 0.906	 2.629	 0.168	 0.593	 0.714	 0.461	 0.429	 0.000	
  408 0.967	 0.696	 0.882	 1.138	 0.822	 0.906	 2.629	 0.168	 0.593	 0.714	 0.461	 0.429	 0.000	
  409 0.967	 0.696	 0.882	 1.138	 0.822	 0.906	 2.629	 0.168	 0.593	 0.714	 0.461	 0.429	 0.000	
  410 1.077	 0.591	 1.114	 0.966	 0.880	 0.897	 4.206	 3.429	 0.470	 1.031	 0.328	 0.239	 0.000	
  411 0.988	 0.809	 0.940	 0.704	 1.326	 0.923	 2.312	 2.338	 0.573	 0.752	 0.215	 0.572	 0.000	
  412 0.810	 0.715	 1.273	 0.597	 0.673	 0.945	 0.737	 1.507	 0.733	 0.720	 0.445	 0.385	 0.000	
  413 0.932	 0.972	 0.923	 0.721	 0.876	 0.975	 0.763	 4.202	 0.589	 0.526	 0.797	 0.165	 0.000	
  414 0.856	 0.592	 1.021	 0.926	 0.658	 1.093	 0.466	 3.293	 0.569	 0.575	 1.226	 0.100	 0.000	
  415 0.978	 1.102	 0.531	 0.764	 0.786	 0.942	 0.430	 1.938	 0.960	 0.380	 0.623	 0.360	 0.000	
  416 1.156	 0.107	 1.194	 0.752	 0.803	 1.094	 2.815	 3.490	 0.541	 0.531	 0.535	 0.770	 0.000	
  417 1.156	 0.107	 1.194	 0.752	 0.803	 1.094	 2.815	 3.490	 0.541	 0.531	 0.535	 0.770	 0.000	
  418 0.684	 0.730	 0.993	 0.688	 0.671	 1.065	 0.565	 0.569	 0.856	 0.469	 0.516	 0.616	 0.000	
  419 0.684	 0.730	 0.993	 0.688	 0.671	 1.065	 0.565	 0.569	 0.856	 0.469	 0.516	 0.616	 0.000	
  420 0.850	 0.846	 0.979	 1.063	 0.773	 0.994	 1.678	 2.855	 0.398	 0.847	 0.472	 0.460	 0.000	
  421 0.700	 0.495	 1.017	 1.067	 0.888	 1.087	 2.887	 2.581	 0.638	 0.709	 0.774	 0.425	 0.000	
  422 0.700	 0.495	 1.017	 1.067	 0.888	 1.087	 2.887	 2.581	 0.638	 0.709	 0.774	 0.425	 0.000	
  423 1.081	 0.689	 0.733	 1.081	 0.497	 0.896	 1.244	 1.678	 0.824	 0.517	 0.680	 0.319	 0.000	
  424 1.081	 0.689	 0.733	 1.081	 0.497	 0.896	 1.244	 1.678	 0.824	 0.517	 0.680	 0.319	 0.000	
  425 0.983	 0.269	 0.973	 1.023	 0.914	 1.095	 2.688	 1.141	 1.025	 0.120	 0.253	 1.066	 0.000	
  426 0.917	 0.169	 0.896	 0.658	 1.116	 0.681	 1.149	 1.347	 0.585	 0.697	 0.410	 1.034	 0.000	
  427 0.667	 0.354	 1.161	 0.857	 0.852	 0.926	 0.443	 3.232	 0.710	 0.638	 1.000	 0.267	 0.000	
  428 0.667	 0.354	 1.161	 0.857	 0.852	 0.926	 0.443	 3.232	 0.710	 0.638	 1.000	 0.267	 0.000	
  429 0.667	 0.354	 1.161	 0.857	 0.852	 0.926	 0.443	 3.232	 0.710	 0.638	 1.000	 0.267	 0.000	
  430 0.911	 0.648	 1.104	 1.158	 0.523	 1.037	 2.119	 3.336	 0.440	 1.005	 0.124	 0.727	 0.000	
  431 1.063	 1.093	 0.416	 1.103	 0.549	 1.151	 0.448	 3.809	 0.868	 0.338	 0.765	 0.222	 0.000	
  432 1.063	 1.093	 0.416	 1.103	 0.549	 1.151	 0.448	 3.809	 0.868	 0.338	 0.765	 0.222	 0.000	
  433 1.089	 0.269	 1.089	 1.115	 0.689	 1.026	 2.569	 1.601	 0.603	 0.541	 0.216	 1.073	 0.000	
  434 1.089	 0.269	 1.089	 1.115	 0.689	 1.026	 2.569	 1.601	 0.603	 0.541	 0.216	 1.073	 0.000	
  435 1.191	 0.665	 1.147	 0.848	 1.143	 1.247	 3.410	 3.292	 0.696	 0.430	 0.060	 0.889	 0.000	
  436 1.191	 0.665	 1.147	 0.848	 1.143	 1.247	 3.410	 3.292	 0.696	 0.430	 0.060	 0.889	 0.000	
  437 0.866	 0.797	 1.010	 0.739	 0.949	 1.104	 0.524	 2.414	 0.509	 0.787	 0.684	 0.161	 0.000	
  438 1.123	 0.661	 0.922	 0.937	 0.711	 1.039	 2.715	 4.144	 0.732	 0.446	 0.135	 0.674	 0.000	
  439 0.809	 0.731	 1.129	 0.571	 1.118	 0.923	 1.893	 3.829	 0.480	 0.732	 0.485	 0.525	 0.000	
  440 0.809	 0.731	 1.129	 0.571	 1.118	 0.923	 1.893	 3.829	 0.480	 0.732	 0.485	 0.525	 0.000	
  441 0.809	 0.731	 1.129	 0.571	 1.118	 0.923	 1.893	 3.829	 0.480	 0.732	 0.485	 0.525	 0.000	
  442 1.238	 0.548	 1.141	 0.958	 0.863	 1.042	 3.524	 3.325	 0.681	 0.365	 0.231	 0.823	 0.000	
  443 0.816	 0.809	 1.007	 0.691	 0.866	 0.969	 2.565	 3.748	 0.464	 0.589	 0.474	 0.750	 0.000	
  444 0.761	 0.676	 1.056	 0.925	 0.465	 1.131	 1.507	 3.867	 0.684	 0.518	 0.669	 0.608	 0.000	
  445 0.761	 0.676	 1.056	 0.925	 0.465	 1.131	 1.507	 3.867	 0.684	 0.518	 0.669	 0.608	 0.000	
  446 0.926	 0.677	 1.127	 0.822	 0.870	 0.937	 2.873	 1.312	 0.474	 0.499	 0.379	 0.798	 0.000	
  447 0.827	 0.665	 1.112	 1.191	 0.540	 1.026	 2.794	 4.352	 0.374	 0.907	 0.668	 0.320	 0.000	
  448 0.827	 0.665	 1.112	 1.191	 0.540	 1.026	 2.794	 4.352	 0.374	 0.907	 0.668	 0.320	 0.000	
  449 1.174	 0.958	 0.860	 1.030	 0.454	 1.182	 2.170	 4.899	 0.671	 0.762	 0.316	 0.246	 0.000	
  450 1.174	 0.958	 0.860	 1.030	 0.454	 1.182	 2.170	 4.899	 0.671	 0.762	 0.316	 0.246	 0.000	
  451 1.024	 0.637	 0.869	 0.832	 0.766	 1.300	 1.458	 1.151	 0.504	 0.711	 0.648	 0.288	 0.000	
  452 0.967	 0.617	 0.964	 0.903	 0.670	 0.827	 1.450	 3.541	 0.589	 0.698	 0.651	 0.402	 0.000	
  453 1.143	 0.492	 0.903	 0.733	 0.942	 1.100	 3.111	 4.332	 0.523	 0.730	 0.683	 0.372	 0.000	
  454 1.143	 0.492	 0.903	 0.733	 0.942	 1.100	 3.111	 4.332	 0.523	 0.730	 0.683	 0.372	 0.000	
  455 1.029	 0.854	 0.916	 1.000	 1.049	 1.018	 2.491	 3.230	 0.582	 0.474	 0.797	 0.313	 0.000	
  456 1.029	 0.854	 0.916	 1.000	 1.049	 1.018	 2.491	 3.230	 0.582	 0.474	 0.797	 0.313	 0.000	
  457 1.205	 0.724	 0.882	 0.896	 1.040	 0.878	 2.307	 2.060	 0.765	 0.576	 0.459	 0.293	 0.000	
  458 1.205	 0.724	 0.882	 0.896	 1.040	 0.878	 2.307	 2.060	 0.765	 0.576	 0.459	 0.293	 0.000	
  459 1.205	 0.724	 0.882	 0.896	 1.040	 0.878	 2.307	 2.060	 0.765	 0.576	 0.459	 0.293	 0.000	
  460 0.908	 0.629	 0.971	 0.815	 0.928	 1.031	 1.813	 2.802	 0.648	 0.493	 0.666	 0.628	 0.000	
  461 0.949	 0.528	 1.167	 0.755	 1.059	 0.424	 0.322	 1.400	 0.757	 0.762	 0.197	 0.621	 0.000	
  462 1.247	 0.844	 0.913	 1.112	 0.408	 0.884	 0.452	 2.032	 0.749	 0.384	 0.548	 0.339	 0.000	
  463 0.992	 0.988	 0.882	 1.203	 0.399	 0.842	 1.186	 1.705	 0.460	 0.445	 0.388	 0.701	 0.000	
  464 0.992	 0.988	 0.882	 1.203	 0.399	 0.842	 1.186	 1.705	 0.460	 0.445	 0.388	 0.701	 0.000	
  465 0.992	 0.988	 0.882	 1.203	 0.399	 0.842	 1.186	 1.705	 0.460	 0.445	 0.388	 0.701	 0.000	
  466 0.992	 0.988	 0.882	 1.203	 0.399	 0.842	 1.186	 1.705	 0.460	 0.445	 0.388	 0.701	 0.000	
  467 1.010	 0.770	 0.910	 0.622	 0.912	 1.225	 1.085	 4.293	 0.571	 0.437	 0.511	 0.865	 0.000	
  468 0.317	 0.434	 1.164	 0.712	 1.190	 0.970	 1.208	 2.826	 0.430	 0.590	 1.050	 0.888	 0.000	
  469 0.932	 0.510	 1.204	 1.272	 0.686	 0.434	 0.860	 3.417	 0.418	 0.707	 0.702	 0.328	 0.000	
  470 0.932	 0.510	 1.204	 1.272	 0.686	 0.434	 0.860	 3.417	 0.418	 0.707	 0.702	 0.328	 0.000	
  471 0.932	 0.510	 1.204	 1.272	 0.686	 0.434	 0.860	 3.417	 0.418	 0.707	 0.702	 0.328	 0.000	
  472 0.932	 0.510	 1.204	 1.272	 0.686	 0.434	 0.860	 3.417	 0.418	 0.707	 0.702	 0.328	 0.000	
  473 0.932	 0.510	 1.204	 1.272	 0.686	 0.434	 0.860	 3.417	 0.418	 0.707	 0.702	 0.328	 0.000	
  474 1.201	 0.484	 1.072	 0.945	 0.628	 1.199	 2.028	 2.021	 0.960	 0.534	 0.056	 0.608	 0.000	
  475 0.930	 0.821	 1.186	 0.832	 0.938	 0.844	 2.190	 3.266	 0.656	 0.407	 0.112	 0.913	 0.000	
  476 0.951	 0.686	 0.644	 0.937	 1.018	 0.508	 0.877	 3.876	 0.634	 0.534	 0.772	 0.581	 0.000	
  477 0.923	 0.349	 1.035	 1.040	 0.727	 1.303	 2.179	 2.820	 0.420	 0.796	 1.055	 0.162	 0.000	
  478 0.923	 0.349	 1.035	 1.040	 0.727	 1.303	 2.179	 2.820	 0.420	 0.796	 1.055	 0.162	 0.000	
  479 0.923	 0.349	 1.035	 1.040	 0.727	 1.303	 2.179	 2.820	 0.420	 0.796	 1.055	 0.162	 0.000	
  480 1.010	 0.891	 0.526	 0.967	 1.079	 0.634	 1.083	 3.414	 0.709	 0.478	 0.738	 0.448	 0.000	
  481 0.872	 0.938	 1.008	 0.834	 0.702	 0.911	 0.783	 4.121	 0.700	 0.345	 0.427	 0.636	 0.000	
  482 0.872	 0.938	 1.008	 0.834	 0.702	 0.911	 0.783	 4.121	 0.700	 0.345	 0.427	 0.636	 0.000	
  483 1.158	 0.391	 1.199	 0.796	 0.678	 1.307	 1.138	 2.176	 0.958	 0.668	 0.116	 0.367	 0.000	
  484 0.714	 1.080	 0.615	 0.802	 1.023	 0.551	 0.402	 2.251	 0.467	 0.531	 0.740	 0.594	 0.000	
  485 0.714	 1.080	 0.615	 0.802	 1.023	 0.551	 0.402	 2.251	 0.467	 0.531	 0.740	 0.594	 0.000	
  486 1.142	 0.858	 0.847	 1.318	 0.914	 0.927	 3.988	 4.632	 0.639	 0.567	 0.129	 0.626	 0.000	
  487 1.122	 0.853	 0.731	 1.004	 1.072	 0.774	 4.568	 4.734	 0.385	 0.592	 0.563	 0.662	 0.000	
  488 1.122	 0.853	 0.731	 1.004	 1.072	 0.774	 4.568	 4.734	 0.385	 0.592	 0.563	 0.662	 0.000	
  489 1.122	 0.853	 0.731	 1.004	 1.072	 0.774	 4.568	 4.734	 0.385	 0.592	 0.563	 0.662	 0.000	
  490 1.157	 0.872	 0.751	 0.955	 1.034	 1.043	 2.041	 3.128	 0.931	 0.530	 0.380	 0.275	 0.000	
  491 0.821	 0.837	 1.126	 0.728	 0.990	 0.720	 1.362	 4.855	 0.742	 0.284	 0.345	 0.802	 0.000	
  492 0.821	 0.837	 1.126	 0.728	 0.990	 0.720	 1.362	 4.855	 0.742	 0.284	 0.345	 0.802	 0.000	
  493 1.159	 0.724	 0.748	 1.118	 1.031	 1.002	 2.899	 3.698	 0.960	 0.669	 0.398	 0.123	 0.000	
  494 1.277	 0.245	 0.876	 0.921	 1.132	 1.288	 3.275	 1.696	 0.559	 0.540	 0.372	 0.753	 0.000	
  495 1.277	 0.245	 0.876	 0.921	 1.132	 1.288	 3.275	 1.696	 0.559	 0.540	 0.372	 0.753	 0.000	
  496 1.245	 0.689	 0.685	 0.922	 1.115	 0.970	 2.108	 3.947	 1.001	 0.644	 0.416	 0.152	 0.000	
  497 1.240	 0.720	 0.652	 1.105	 1.126	 0.842	 2.001	 3.859	 0.914	 0.807	 0.315	 0.149	 0.000	
  498 1.043	 0.747	 0.584	 0.477	 1.083	 0.718	 0.386	 4.012	 0.600	 0.459	 0.493	 1.300	 0.000	
  499 1.002	 1.078	 0.497	 0.500	 0.829	 0.854	 1.357	 4.071	 0.542	 0.576	 0.534	 1.118	 0.000	
  500 0.898	 1.053	 0.620	 0.635	 0.843	 0.837	 2.568	 3.857	 0.486	 0.580	 0.398	 1.229	 0.000	
